        BABB
        ABAA
        BAAB
        BBAB
    BBBAABAABABA
    BABABAAAABAB
    BABAABAABBBB
    AAAAABABBABA
ABAAABBB
ABABABAB
ABBAABAA
AAABABBB

BABB
ABBB
ABAA
BAAB
BAABAABA
ABABBBBA
BAABBABA
AABAAABB
    BBBABAAB
    BBAAAAAB
    BABBBBAB
    BABAABBA
        BBBB
        BBAA
        BABA
        AABB

        BABBBBAA
        BABAAABB
        ABAAAAAB
        BBABAAAA
    AAAAABAA
    AABBBABB
    ABABBAAB
    BBBABBBB
ABABBABB
ABAAABBA
AAAABBAB
BAABBAAA

    BABA
    BAAB
    ABBA
    BBAB
BABBAAABABAAABAA
AABBAAABABABBAAA
ABBABBBBBBABAAAA
BAABAABBABBBBBBB
            BBBA
            BBBB
            ABBB
            AAAA

            ABAB
            AAAB
            AABA
            BBAB
AAABBBBBBBBABBAB
AABAAAABABBABBBB
ABABABBABBABAAAA
BAABBBBBABABBBBA
        ABAA
        BBBA
        BABB
        BBAB

AAAA
AAAB
BABA
BABB
AAABAABBAAAABBAA
AABAAABAAABBBBBB
BABAABAAABBABAAA
AAABBAABBBBBBABB
            AABA
            AAAA
            BBAB
            ABBA

            AABB
            BBBB
            BBAA
            ABAA
BABABABABABBABBA
AABBABBAABBABBBB
BBBBAAAABBAAABBA
AAABBBBAABABABBA
            BBBB
            AAAB
            ABBB
            AABA

BAABBBBB
BBBBABBA
BBAABBAA
BABABABB
    AAAABABB
    BABAABAA
    ABABAABA
    AABBAABB
    ABBA
    AAAB
    BABB
    BABB
    BABA
    BBBB
    AAAB
    BAAA

    AABA
    ABBA
    BBAA
    BBAA
BBABBBBBBAABABBA
BABBBABBAAAABBAB
AAABABABABABABAA
BBAAABAABABAAABB
        BBAB
        ABBA
        AAAB
        BAAB

