                    00001000000000000100
                    00000000010000000010
                    00000000000000000100
                    00000000000000000001
                    00000001000000000000
                    00000010001011001001
                    00000010000000000000
                    00000000100011000000
                    00100110010000000010
                    10100000000000010001
                    01100000101000000000
                    00000000000000000000
                    00000001000100000100
                    01000100100010100000
                    00000000000000010000
                    10000000000000000001
                    00000011010100000000
                    00001010100000000001
                    00000000000101000000
                    00010000000010010000
0110000000000000110100000011000000000100
0100000000000000000001000000000100110000
0000010110000000001000100000000010100000
0100000000100000000100000000000100000000
1010000000000000000000000110000010000000
0010000000000000000000010100001000010000
0000000000000000000000000000000000000010
0000000000000000100000000000000000000100
0000010001010000000000010000100001000100
0000101000000000000000000010000000000000
0000100001010010000000000000000110000001
0001000001000000000000010100000000001000
0001000100000000000000100000000000010000
0000000000000100000000010000000000000000
0000000000000000001000001000000000010000
0000100111001100100010000100000000001000
0011000000000100000000000000001001001000
0000000000000001000000000100000000101000
0100010100000011000001100000000000000000
0000000000000001000100000000000000000010
                    0001001000000000100000000000000000100000
                    0100110000000000000100100000001000000100
                    0000000000000000100000011010001010110000
                    0001000100000000001000100000100010000000
                    0000011000000011110000001000010001000100
                    0000000000000000001111100000000000000000
                    1000100000000000010000000000000000010000
                    1000010000100100000000000000010000000000
                    0000010000000000000100101000000001000101
                    1000000000101000110001001000010000001000
                    0000000000000100000000000000000000000000
                    0000001001000010000000000100000000100000
                    0001010001000100000000100100110000000000
                    0000000000101001110010000000000000100000
                    1000000001000110100001000000000000000000
                    0000000010000000011010010000000000100000
                    0000100000000000000000010000010001000000
                    0000000100010000101000001001000001110000
                    0100000000000000000000000000010101000000
                    0000000010000000001000000000000000000000
                    00001000000000000100
                    00000100000101000000
                    00101000010110000100
                    11000000000000000001
                    00001001000001000000
                    00000000000000000000
                    10000000000100000000
                    00000000000000000001
                    00001000100101000000
                    00000000100001000100
                    00000000011000010000
                    00000000000000000000
                    00100000010000000000
                    10000001010000110000
                    00000000000000000000
                    00100000100000000000
                    00000000000010000000
                    00010000010001011000
                    00000001000000000000
                    00000000100010001110

00000001000000010000
01001000000110010000
10010100001000010000
00000001000000000000
10001000001100000010
00000000000000100100
10000000010001000000
10010110000010000000
10000001001000000000
00000010000001001000
00001000000000000101
00000001101000000000
00100000001000000001
00000000000000100000
01100000000000000000
00000000000000010100
00000000000001000000
10010010000000000000
00000000001000001100
00000000000100000000
00000000000001100100
00000001001000000000
00000010100000100011
00000001010001000100
00100000010000000100
00100000011000000000
00000000010010110000
00000000000000001000
00000000000000001000
00000000000000000000
00000000000000000011
00010000100100101000
00100000000000000000
10000000011000010001
00000000100000000001
00100000110000100000
10001010110000000000
00000001100010000100
10000001000110000010
00000000000100000000
0000000000000000001000000000100000010000
0000000000001000000010000000011010000100
0000000010000000110001100100010000000000
1000000100001000001000001000010000000000
0001000000000000000000000000000110000000
0000000010000010000011000000000000000010
0000010001000000000001000000100010000000
0000000000101000110100000101000010000000
0000000000001000010001010000010001000000
0000001010000010000000000000011000000000
1100000000000000001000001000000000010001
0010000000000101000000001001001000100000
0000000000000000000000000000000000000000
0000000001000000000010000100000000100010
0100000001010010001000000001000000000000
0000000000000000000000000100100000100101
0000100000010010000000000000000101100000
0000000100000000000010000000001000001000
0000000000000010001000001101010000000000
0000001100000000001000001000000000000001
                    00000100000000000000
                    00000000000001011000
                    00000000000011000010
                    00100100000000101010
                    00000010000000000001
                    00000001000001000000
                    00000000000001000000
                    00000000000100000000
                    00101000000010000000
                    10000010000011000000
                    00000000100000000010
                    11000101000000010101
                    01001000000000100000
                    00000000000000000000
                    01001000000000000010
                    10000000000010000000
                    00000100100010000000
                    00000100000000010000
                    00000000000001000000
                    11000000000010010000
                    01000000000000000000
                    00100000000000000000
                    00000010000010000110
                    00000001001000000010
                    00100001100000001000
                    00000000000000000001
                    10000000000000000000
                    11000000000000000001
                    10100100010000000000
                    00000000000000001000
                    01010000110010010100
                    00001001000000000000
                    00000000000000100100
                    10010000000100000000
                    00100000000000000000
                    00100001000000000000
                    00000010000000100000
                    00011010001100000000
                    00000101000010000010
                    01000101000000000000

0000000000010000000000010000000001000000
1000000100001000000100000001100000000010
0000000000001000000000000000000001001000
1000000000000000001000001000000000001000
1000010000000000000001100000000001000000
0000000001000010000000000000000100100000
0110001010100001011000100010000000000000
0000000010000000000000001000000000000000
0100000000000010001100001000000000000000
0000000000010000011010010000000000100000
0000000001000000000000000010000001001000
1000001000001000010000000000000000100000
0100101011010010000100000011100000100000
1010000000010000000000000001100000001000
0100000000000000100000000011000000010000
0000000010010000000000101010001000000000
0000000001000000000110001001100000000000
0010000000011000000000000000000000000101
0000000001000000000001000000000000101010
0100000000000010000000000000000010000000
                    00000000000000000000
                    00000001100000000010
                    00000010001000000000
                    00000000000001010100
                    00000000000000000000
                    00000000000000000000
                    00000000000001000000
                    11000000000010000000
                    00000001000100000000
                    00000010000000000110
                    00000000000100001000
                    00110100100001000000
                    00100001000000100000
                    00000100100010100000
                    00000000110000100000
                    00101000000000000000
                    10010100000000000000
                    00000000000000000000
                    01000000000000000000
                    00010000000000001000
                    1000010000000000000000000100000000000001
                    0000000000000010000000100000000010000000
                    0000010000000000000000001000101001000000
                    1000000000000000001000000000000010000000
                    0100000010000000001100000000000000000000
                    0010000000000001000000100000100100000000
                    0100000100000010000000000000011000000001
                    0000000000000000101100011000100000000000
                    0000001101000000000000000000000011000000
                    0100000011001000000000000000000100000000
                    0000000000000100000000000000000001000000
                    0000100000000000110001001001000010000001
                    1100000010000000000000000010000000000001
                    0010000010000100001000001000000001000100
                    0000100010000000000000000100001000001000
                    0000000111000010000000000000100001010000
                    0010000001001110000010001011100010000000
                    0010100000000000000000000000010000000000
                    0100000000000000000000000001000000000000
                    0000000000000000000000000000000100100000
                    00000000000100000000
                    00000000000000000000
                    00100000000000100000
                    00100001000000010000
                    00011001000000000000
                    01000000000000010010
                    00110001100000010000
                    00000000000000001000
                    00000011001010010000
                    00010000000000001010
                    00000101010000000000
                    00000000000000000000
                    00100000000000000000
                    10000001100000000001
                    00100000001000001000
                    00001101000000000100
                    00000000000000010000
                    00000110000000000000
                    10000000000000000100
                    00000000000001100000

                    10001010000000000000
                    00000000001000001001
                    00100000000100000000
                    00000100000100000100
                    00000100001000100000
                    10000110000010000000
                    10010000011000000000
                    00100110000000000000
                    00000100100010000000
                    00000010010100000000
                    00000000000101100000
                    01001000100000000110
                    00000000110000000000
                    00000000000001001000
                    00001000000010000000
                    00000000000000000100
                    00000001001000000000
                    01000000000000000000
                    00000000000100000000
                    00000000001000110000
                    00000001000011000000
                    00000000001000000000
                    00010000000000000000
                    00000000000000000000
                    10000000010000000100
                    00010000000000010000
                    00011010000000000000
                    00100000100100000000
                    00100001010000000000
                    00000100000100011000
                    00000101100000010000
                    00000000000001000100
                    00000000000000000000
                    00001000010000000001
                    00000000000000000000
                    00000000000000000010
                    00000000001000010000
                    10000000000000000000
                    00010000000000100010
                    00000000000100101000
0001000010000000000100000000000000010000
0010000000001000001000001000000000000010
1000000001010000110000000000000000000000
0010000000000000011000101000011011000001
0100000000010000010100000100010000000000
0001000000010000100000000000001000000000
0000000000001000000000010000010100000010
0000010001100000100000010000000000000000
1000100000000000000010000011000000000000
0000000000000001000000100000000001000000
1010100000000101000000100000000001000000
0000000000010000010100000000011000000000
0000110010000000101010010000000010100000
1001100000001001000000000100100010000000
0001000000000010001010000100000000010100
0010100000010000000100000000000000000000
0001001000000000000001010001001001000000
0000000001001000010000010000010000000000
0000000000000100001000100000010000000000
0000000000000001000000000000000001000011
                    0000000000000101000000000000000000000010
                    0000000000110000000000000000010000000001
                    0000000000001000100000000000000000001010
                    0000010000000100000010000000100010010000
                    0000000010000000000000000100000000000000
                    0000010000100000000000000011000000000000
                    0010000000000000101010000011000000000001
                    0000100001000100000000000100000101000001
                    0000001000000000000000000000000010011000
                    0000000000100110000000000001000110000000
                    0001000000000100100000000001000000110000
                    0100000000000011000000000000000000001000
                    0000010000100010000001010000000010000000
                    0011000000001000000001000000000100000000
                    0000001000001000100000100000010000010000
                    0000010000000000000100001011000001000100
                    0000000000000000000001000000000000000000
                    0000010000000000010000010100000000000000
                    0000011000000000001000000000000000000000
                    0000100100000000100000000000001000000000

0000000000000000000000000010000000100000
0000001000000000000000000100000000010000
0010100000000000011000000010001000000000
1000000001011000001000000000000000101000
0000000000010000000100000101000100001000
0000010000010000001100001100100000001000
0000000000000000000000000000100000000000
1100000000000000010000000000101000000000
0000000000000010000000000000000000000000
0000000000001010000000000100000000000001
0100000000000100000001010000000100000000
0000000000100000000000100000010000100010
0101001000000000000000110000001000000001
0000000000100010001000000000000000010000
0000001000001100000000000000010000000000
0001000100000100000000000000101000000000
0000000000010000000110000100001000001000
0010001000000000010000000000000000000000
0100011000000100000000000000000100000000
0000010001000000000000100000000000000000
                    000000000000010000000001000101001000000100000010010000000100
                    000011100000000000000010000100000000001000000010000000000100
                    010001000000000000000011010000001000000001001000000000000000
                    011010100000000000100000000110000100010100000001100000000011
                    000000100000000101000000000100010000001000000000001000000000
                    110100000000000000100100000000001000000000000000000010000000
                    000010000000010000001000000000010010000010000110000000001000
                    010000001000011000000000100000001011100000000110000000000001
                    000011000000000101000001000000000000000010001000000000000000
                    010000010000000000000111000000001001000010000000000000000000
                    101000000100000100010010000000000000000010000000000101100001
                    100000010100000100010000100100000000000000000000100000000000
                    010001000000000000000000001000000000000000000000110000000001
                    110000100000000111000000010010000100001000001000000000000001
                    001000000000000001000000000000000001100000100000000001000000
                    010010000000100001000000001000000000100010000000010000000001
                    000010010000010000110000010000010010000000000000000000000000
                    000000100010000000000001010000000000000000001000000000000000
                    000000011000000100000100000000110000000010000001000000110000
                    000000000000000000000001000001000000010000001000000000101000
                    00000000000000011000
                    00100010000000000100
                    00100000001000000000
                    00001001110000000000
                    00000110000000000000
                    00000001001000000000
                    00001000000001000000
                    10000010000010000000
                    00010100000000000011
                    00001100000100000000
                    00000100000000010100
                    00100000000101000000
                    00010010001100000001
                    00000000010001000100
                    00010000010000100000
                    00000100000010100100
                    10000000001000100010
                    00000000100011100001
                    00000000001000001000
                    10010000100000000000

00000100000000111000
00001000100000001000
01000000000000010000
00100000000001000100
00000000000001000000
00001100000000000000
10000000000000000010
00000000000010000001
00010000010010001000
00001100000000100000
00000000000100000000
00001100000000000000
00001100000010000000
00000000000000000011
00000001000000010000
00000000000001000001
00000000000000100000
00000000000000000000
10100000000000000000
00000010000000001000
10000000000000000000000010000000000000000000000010000000000000000000000001001000
00011001010000100000000000000001000000100000111010100000000000000010000000000000
00100000100000010000000000000000110000000000000000000001000000000100000000000000
00010000000100001000000010001000010000010000000000000000000001000000000100100001
01000000000000000000110000100000000000000000000001000000000000000000100010001000
00000000100001101000000010000000000000000010000000000000000000000100000000100100
10000000000100000000001000000000000000000000100000011000000010000101000000000000
00000001000000100100000000000100000000010000000000010011001000000000110000100000
00000110000000000001100101110100000100000010000001000000000001001010010010100001
00011000001001000100100001100000000010000100000000011100000000100000001000000000
00000000000000000000000000000000010000000000000000000001000010000000001000001001
00000000000000000000000000000100100000001000010000000000100010000000000000000001
00000000100000000000000000000010000000000000100000101010000000000000001100000000
10000000000001000100100100000000000011000000000000000000000000000000000000000000
01110000010000000000010000010000000000000000000000000100000010001101000000001100
00000000000010000000100000001101000000000000000010000000011000100000000000000110
00010001000010001000000000000000000001000010001000000000000010010000000000010001
00000100000010010010000001000000000000100001011000000000010000000110000000100000
00000000000000000000000000010000000000000010100000000000001000000000000010100101
00010000000000000000010000000000000000000101000001000000010000000100000000000000
                                                            00000000100100000000
                                                            00000000000000100001
                                                            00000100001000000110
                                                            01000000100000101000
                                                            00000000000000000100
                                                            00000010000000000100
                                                            00100010000001000000
                                                            01000100010000000000
                                                            00000000000000000000
                                                            00000010000000000000
                                                            01100000000000000000
                                                            00000000000010001000
                                                            00000000100000001001
                                                            00000100100000000010
                                                            00010100000000100000
                                                            00000000010000000000
                                                            00000000000001000000
                                                            10000000000100000100
                                                            00000000000000000000
                                                            01001000000001000000

0000000001010100100000000110000000000000
0000000000001000000000000000000000000000
0000010000000000000100000000000010000000
0000000010000000000110000000000010000000
0101011001000000000100000000000010000000
0000000000000001000000000000000110000000
0010100000001010000000000000000000010000
0000100000000100000000000100000000010000
0000000000000000100100000100000000000000
0000000000000000100000000110010000000101
0000000000001000000000100000110000001000
0000000000100000100000010000100010000010
1000010000000000000000000011000000000000
0010001000100000011000000100000110010101
0000100000000100000000000001000000000000
0000010100000000010000000000000000000000
0011000000000000001000000000000000000000
0001001010000001010000001000110100100100
0000101010000000000000000000000000100000
1000000001100000100010000100110000001010
                    010000000001100000000000100001000000000001001000100000000001
                    000000000000011000010000000000000000001000100000000001000000
                    000000000010010000010000000010000001110000010010000000000000
                    000000010000000000000000000000000000000011000001000000000010
                    000100000000000010000000001000000000001000100001000000000010
                    000000000000000000000000000000001000001000000000000000000000
                    000100000000000000000000001110000000000010001000000000000000
                    110001000000000001100000000000000010010000000000000000010000
                    000000010001000000000000000000000000101000000000000000001000
                    000000000000000000000000000001000000001000001000000100000000
                    011100000000100000000000000000000000000000001000000000000001
                    000000000001000001000000000000000000000001001000100000000000
                    000000000000000000010101000010000111010000000001001000000000
                    000000000000000000000100100000000010100000000000000100000000
                    000100001000000000001100000000000000000001000000001000000000
                    000000000000001000000000000011010000000000000001000000000000
                    000000100010000000000000000000000000000000010000000101000000
                    000100000000100100000000000010000100000000000000010000000000
                    000000001000000001000000100000010000100000010101000000000010
                    000000000000000000000000000000000100000001000000000001001000
                                                            00000000000000000000
                                                            00000101010000001001
                                                            00000000000000000000
                                                            00000100010000000000
                                                            00100000000000000000
                                                            00100000010100000000
                                                            01100010011000000000
                                                            00001010000000010000
                                                            00000000000000000000
                                                            00000000001001100000
                                                            00011000000000000000
                                                            00001000001000000001
                                                            00000100110000000000
                                                            10000000010100000000
                                                            00000001010001000100
                                                            00000000000001000000
                                                            00111000001000000110
                                                            00000010000000010000
                                                            00001001000001000001
                                                            00000000000010000000

                                        1000010000001001100000000000000001000000
                                        0010000000000000000000000001000000000010
                                        0000000100000000000000001000000000100000
                                        0000000000000010010000100000000000000000
                                        0000001001000000000100000000000000011000
                                        0100000001000000000000000110000000000000
                                        0000000000010000000000000100000000100100
                                        0000000001001100000000000000000000001000
                                        0100000110000000011000000000000000000000
                                        1100011000000000010000000000000110000000
                                        1000000000000000100000000010001000000000
                                        0000010100000000100000100000100010000100
                                        0000000100000010000100000000000000010010
                                        0100100000000110000000000010000000000000
                                        1100000010000000000000000010000100001001
                                        0010000000000000000001000000010000000000
                                        0010000000001000000100000000000000000010
                                        0000000100000000000000000100000000000000
                                        0010000000000000000000000100110000010100
                                        0000100000000100000000000000000000000000
                    0000001000100100000000000110000000000000
                    0000000100011000110000000000000000000000
                    0000000000000000100000000000000010000000
                    0000100000110000000000000010010000001000
                    0000000100011001000001000100000100000000
                    0000000100100001000000001101000000000000
                    0000001000000010000010000100000000100001
                    0000000100000000001000000000000100100000
                    0000100000000000010000000001000000001000
                    0100000000000100000100000010010000000000
                    0000000000010001000000101100000000000000
                    0110000000000100001000000000000000000000
                    0100000000000000000010010000010100000000
                    1000000001000001100000001000010000000000
                    1000000000000010000000000000100000000000
                    1000000000000000000010000000000000000000
                    0000001000000000000000000000100000000000
                    1010001000000000010000000000001000000100
                    0000000000000000010000000000010100000000
                    0001000000000001000000000001000000100000
0000000000100001001000010000000000000001
0110001000000000000000000000000000000000
0000000001000000010010000000100000100100
0001000100000000000000000000000100000100
0000000100001010000000000101000000001011
0000000000000001000000000100011010000000
0000010000000000000000100000010000000010
0000100011000000000010000000000100000000
0100000000000000000001110000000001000101
0000000000000001000100000100000000100000
0001000000000000000000001000010000000000
0010000001000000000000000000000010000000
1000001010000100101001000000000000000000
0100000000000000100000000001000100011000
0000000100000000000001001010000000010000
0100100000010001000000000100000000100000
0010000000000000000000000001001000000010
0000000000010000000000100000000001000001
0001100000000110000000010000000000100010
0100000010010010000000000000000000100000

                                                            01101010001000000000
                                                            00010000100000000110
                                                            01101000000000000000
                                                            01000000001000001000
                                                            01100000000000100000
                                                            00001000100000000000
                                                            10100000000000000000
                                                            00001000101000000000
                                                            00000011000000000000
                                                            00000000001000100000
                                                            10000000000000100001
                                                            00100000000000100001
                                                            00000001001100010000
                                                            00000000000001000000
                                                            00000110000001000000
                                                            00000110010100010000
                                                            00001000000011001100
                                                            10000000010011000000
                                                            10010110000010000000
                                                            00001000001000000000
00100000000001001001000000100000001010000000000000000001000001001100100000000000
00001100000100001010000101000000001000000000000000000000000000000001000000000010
10000000000000100000000010000000110010000000000010000000100000000001010100010000
00010000100000000000000001001001000000000010000100000001000000000010000000000000
00100010000000000001000001001011000000000000001000000000000000100101000010110000
00100000000000000011000000000001000000010010000000000001000010001100000001100000
00100000000110010000000100010010000000000000010100000010000000000101000001000010
00000000000000000100001000000000001000100000010000001000000100001000000000000000
00000000000010000000001000010000000000000000000000000000000000000010000101001010
10000000001100000000110000000010000110000001001001011000000000000010010001000101
00000000000000010000100000101000000000100000000000000000100000010000000000000000
00010000000000000000000000000100100000001010000011000000100100001000000000000000
00010000110000000000000000010000000000000000000001000000000100000000000000000000
00000010000001000100010010000001000000000001000000010001000001000001110110000000
10000100000000100000000001000000000000000101000100000000000000000010000011010001
01000000000001000000000001000101000100000100000000101010010000000010001000000000
00000001000000000000110000000110000000000100000000000100000000000000000000010001
00000000000000000000000010000000000010000000100010000000100000001000001000000001
00000100000000000000000000110000000001000000010000001000000000000000000000000000
11100000001000000000000000000100101000000100000000000000000100000001000000000000
                    00000001000000000000
                    00000000000000000001
                    11000000000011010000
                    01000000100000000000
                    00000100000000010000
                    01010100000001100010
                    00100100001000000000
                    00000000100000100000
                    00000001000000001000
                    10000001000010000010
                    00000001010001000000
                    01000000000000100000
                    00000010000000100001
                    00000100100100001010
                    00000000000010000010
                    00000000000100000000
                    00000000000010000001
                    00000000000100000000
                    10000000000000000000
                    00001010000000011001

                    00010000100010000000
                    01000001000000100000
                    00000001000000010000
                    11000000000000101000
                    00000000111010000001
                    00000001000000000011
                    00000100011100100000
                    00000000000010000000
                    00000000000100000100
                    10010000000000001011
                    01000010000000110100
                    00010010000000000100
                    01000001000000000001
                    11001001001100010001
                    10000001000101100000
                    10000000000000000000
                    00000001000000000001
                    00000000010000101000
                    00000000010010000011
                    00000001000000000000
                    1000000101001000001000000000000000100000
                    0000000000000100000000001000000000001110
                    0000010000000001000000000000010110000010
                    1000000000000000000000000000100000000000
                    0001011000000000000000000000000110000010
                    0000000000000000000000000000000100011000
                    0000100100010000001000000100000000000000
                    0000000010110010000001001000000000100000
                    0000000000100000100000100000000000000000
                    0010100000000000010000100000000101010010
                    0000000000000000000000100000010100000100
                    0010000000000000000100110000000000000001
                    0000000000000011010001000000100100010000
                    0000110000101010000100000000010000010010
                    1000001100000000000000100000010010000000
                    0000000001000000000000000000100000000000
                    0000001000000000000000010000000000000000
                    0000100000000110000000100010010000000000
                    0000001000000000001010000000100000000001
                    0000000001000000001001000001001000000000
1001000001010000000000000000100000000000
0010010010000000000000000010000000000010
0100000000000000000000000000000000000000
0000100000010000000000000001001100000001
0000000000010000100000010010010000000000
0001000000000001010000000000000001000000
0000000000001001000010000001000100000000
0111000001111000000000000000000010000001
0000000000010000000000000000000000010010
0000000100000000010000000001000000010001
0000000000100000000001000100000000000000
0000000000000000000100000010000100000000
0100001000010000001000100000000000000001
0000000010000000010000000000000100010100
0000000010000001010000000010100001000000
0000100000001000000000001000001000000000
0000000000010001000000100000000010000000
0000001110000000100000010000000000000000
0100000000000010011000000010000100100000
0000000000010010010000000000001000100010
                    00000000000110100000
                    01000000000100110000
                    00000010000000010010
                    00000000000000010000
                    10000001000000000010
                    00000001000010000011
                    00000000110000000000
                    00000000000000000000
                    11010000000000000000
                    00000000000000000011
                    00000100000001000000
                    00100000001000110000
                    01000000000000010000
                    00100000000000001000
                    00000000000000000000
                    01010000111000000000
                    00000000000000000000
                    00000000000100000000
                    00011000010000001010
                    00011000001100000000

00000000000001000110
00000000000000000100
01000000000000000000
00000100000000000010
00000100001000000000
00000000000000000000
01000000000000000010
00000000000000001001
10011010001001010000
00000000000000010000
00000000001000000001
00000010000110010000
00000000101100010000
10000000000100000000
00101000000000000000
01000100000001000100
00000000100000000000
00000000100010101000
01010000000011100001
00000000000000000100
1000000000000000000000000000010000000000
0000010000000010000000000100000000010100
0000000000100100000001000000000000000000
0000000100001010000000100000000000000000
1000000000000001000000000001100000000010
1010100010000000000000100100010101100000
0010010000100010000000010000001000000000
0000000000101000000001000000001000000010
0000000000000000000000000000000000000100
0010010000000000001100000000110001000000
1001000000000001010000110000000001100000
0011001001100110010100001000000000000001
0000000010010100000001001000001000000100
1000000011000000000000000000001101000010
0010100000000100010000000000000000010000
0000100000000010100001100000000001010100
0000001000000000000000000000000000000101
0001000010000000000000000000010100010000
0000011001000010100000100001000000000001
0001001000000001000000000001000100000110
                    0000000000000000000000000000001100001000
                    0000000000010010110000010010000001000000
                    0010000100000001000000011001000000100000
                    0001000000000000000000000000001000100000
                    0000000000000000001000000100010010000000
                    0000000000000000001000000010000000000000
                    0001000000000000000100000010001000000000
                    0000000001000000000110100100000000000000
                    0000000110000000000000000100000100000000
                    0000000000100000010000000000000000000000
                    0100010000001001000000010100000001000000
                    0000001000000000000100000000000000000000
                    0100000000000000000000000000000000001010
                    0000000000001000000100100000000110010000
                    1010001000001000001001000110000110000000
                    0000010000010000000000000000000001010001
                    0000100000001000100000000000000000001010
                    0000010000100000000001010000000000000000
                    0000001000000100000010000001001010000001
                    0000100000000000000010100000000000000001
                                        00000100010000000000
                                        00000100000010000001
                                        01001100001010000000
                                        00000000000000000000
                                        00010001100000000000
                                        00000000000000000000
                                        10101000000000000000
                                        01000001000000011000
                                        00000001000000000000
                                        00000000000000001000
                                        01000100000000000000
                                        00000000100000000100
                                        00000000100000000000
                                        00000000000000000001
                                        00000000000011100000
                                        00000000000000010001
                                        00000100000001001000
                                        00010011100001000000
                                        00000000000000010001
                                        00001100010100100000

000000000000010001010000000010000000001000000010100100010010
000011000000000000100100000100000000000000000100001000000000
100001000100000001001000100001000000000000100001010000000010
001010000000000001000000000101010010001000000000000000000000
000001010000000010000000100001000000000000000000100000000000
100100000110000010000000001111000000000000001000100000000011
000000000000000010000000000000001001100000000000000000001000
000000000010000000000000001010000010100100010000000000000000
000000000010000000000001000001000000000000000000001000000000
010000000000000010000000011000000000100000000001000001000001
100000000100010010001010001000000000000000000001000000001000
000001000000100000000010000000000010000000011000000000000000
000000110000000000000000000000001000000000100000100000000110
000000000000000000000000010100000010000000000001000000000000
000010000000000110100010000100000000000000000001000000000000
000000011100000000000000000000000000000000100000000000000100
000000000001000000000001000100000000000000000000000000000000
000001110000010100110000001000010000010001000001000001000001
100000000100001001000000000000000100000000000100000000011000
001000000000000110001000010000010010000110001001101000000000
                                        000000000000000100000001000000000000010100001000000000000100
                                        100001000000000100000000000000000000000000000000001000010000
                                        000100000000101010001000000101000000000100000000000000000000
                                        010000000001000000000000100000010000000100000000000000001000
                                        001000000000000010000000100000000000000010100000010100000000
                                        010000010000001111010000100000000000100000100000011000001000
                                        001000001100000100000010000000000010100000000000000000000010
                                        000000000100010000001000000100000000011000000010001000010010
                                        000010000000001000000010010010000000000000000001000000000001
                                        001000000000000000010000000000110011000010000010000100000000
                                        001000001000000000000000010000000000000100001000000000100000
                                        011000010000001000000010010100010100010001000000000000010010
                                        000000000000000000000010000000000000100000000011110000000000
                                        100000000000100000100001000001100000100100000000010001100000
                                        011100001100001000000000000000100000000000000000000000000000
                                        000011000011100000000000000001000000000010100000001000010000
                                        010101100000010100000100000001000000001100000000101001000000
                                        000010000011000000000001000000000000000000000010000000000000
                                        000011000000000000000101000000010000000100000000000100000000
                                        000000000000000100100000001000000010000000110000000100001000

                                        01000000000000000000
                                        00000000000000000000
                                        00000000000000001000
                                        00000001001100000010
                                        00000000101000000011
                                        00010000000001000000
                                        00001100000000100000
                                        10000000000000000010
                                        10000000100000000100
                                        00000000010000000000
                                        00010000000000000000
                                        00000000000001000100
                                        00010000010101000000
                                        01000001000000100000
                                        00000000000100100001
                                        00100000000000000000
                                        00000110000100001000
                                        00000000000000010100
                                        00100010100000000000
                                        00000001000000000000
                    0000000000000100010000000000000000000000
                    0000000000001110100000000000001100000001
                    1000000000000010000000000000100100000000
                    1100000000000000000000000010000000000000
                    1011000010100000101100001000000000000001
                    0000000100000001011000010100100000000000
                    0001000001000001001001000000100000000100
                    0000000010000010000001000011000100100000
                    0100100000000000000100000001000010010000
                    0100001000100000001001001000001010000000
                    1100000010000000010010000000010100000000
                    1001000001000000110000000000110000000000
                    1001100000001000000000000000010000000001
                    0100010000000000000101000100000000000000
                    0000000000000100000000000000000000010000
                    0000000000000100000000000101100000000010
                    0010000011000010110000010010000101001100
                    1010000001010010000000000101000000000000
                    0100000100000000000000010000000000000000
                    0000010000010000100000000000000000100010
0000000000100000100000000000000000010100
0000001000000000010000000000001100110000
0100000000000100100100100000010000000000
0000010000000000100000001000011000001000
0010000000000001010010000000000000000000
0001000010000000000000000000000100010000
1001100000000000000000000000000000000100
0000000000000000001000000000000000000000
0000000010000000000000000000001000000100
0000010000000000000000000010000100001000
0100000000010100000100000000001000110000
1000100101000000100000100000100000000000
0000000000001001000000000000000100000000
0000000010000000101000000000100000101000
0000001000000000000000100100000000000101
0100000000000000100000010000000001001000
1010000001000000000001000000100000010000
0000001000000000000100010000000000000100
0000010000011000000010000000000100100000
0000001000000000000000000000000000000000
                    00000000000000000000
                    00000001011001000100
                    00000000000000010000
                    00000110000010000000
                    00000000000001000001
                    00001000000000000000
                    01100000000000000001
                    00000000000000010000
                    00000000000010000000
                    00001010000000010000
                    00010000010110000000
                    00000010000000000001
                    00101000000000010000
                    01000000000100100000
                    01000100001000011000
                    00000100000000000000
                    00100001000010001000
                    00000000000000000010
                    11000000000100000000
                    00001010000000010001

00000000101000001000
00000110001100000000
00000010000000100000
00000100000100000000
00000000000000000000
00000000001010000000
00000000000000000000
00000000000000000011
00000000000011000100
00000000000000001001
01000011100101000001
00000000100000010001
00000010000000000000
00111000000000001000
00000000000000000000
00100000000000000000
00000000001000100010
10000000001000000000
00001000000000000000
00010000000000000000
00000000000000100100
10010000000000001000
10000000000000100001
00010000000000000000
00000001000100100000
00001000000000010100
00000000000100000000
00000000000000000100
10000000000000010100
01000000110000000000
00000000000010001000
00000000000000010001
00001000000000000000
00000110001000000000
00000000101000000000
00000000101010010000
00000011000010011000
00000000000000000000
00000001000000000000
00000100000010000000
1000000000000000011000000000000001000000
0000000000001000000000000001000000000000
0000100001000000100110000110000000010000
0110000000000000001001000000101000000001
1010000010000000000000000000100100000000
0100000000100000000000000000000001000000
0000001000000010000000000000100000100000
0000000000000110000000001000000000000000
0000000000000011010000000100000000000010
0000000010001000010000000000001010100000
0000001010001000000000000100000000000000
0001000000001000001001000000010000110000
0000000000000000000000000000000101000000
0000100000000000010000000110000000000000
0000000000101010000000000000010010000000
0000000000000000000010000000000000000000
0000001000000100000000010000100010100010
0000000010000000000000000100000000010000
0001000000000000000000000000000000010000
0010100101000000100000010000000000100000
                    00000000110000011100
                    00000000000000001000
                    00000001100000000000
                    00000000001000000000
                    00000000000000000000
                    00000000100000000000
                    00100000000000000001
                    00000001000000000000
                    01011000000000100000
                    00011000000000000000
                    01000000000001000000
                    00001000010000010000
                    10100000100000100000
                    00000000010000000000
                    01000001000000000000
                    00100000000100000000
                    00000001000000000000
                    00010010110100100000
                    10010000000010000001
                    00000000001000000000
                    10001000001000000000
                    10010000000000000000
                    00000011000100000100
                    00000000000000000000
                    00010000100010010000
                    10000000000000000000
                    00010000100000001000
                    00000001000100000000
                    01001000000000000000
                    10000000000010001000
                    00000000100000000000
                    11000000000010000000
                    10000000100000000000
                    00000010000001000000
                    00000000000000000000
                    00010001000001001000
                    00000010000000000000
                    00001001000100001000
                    01000000000000001000
                    00000010000000100000

00000000010100001000
00000000000000000000
01011000000000000000
00100000001001010100
00000100000000000000
00000000000010000000
01000000000000000000
00000000010000101000
00000000001000100100
00000011000000000000
11010011000000000001
11000000010011001010
10001010000000101000
11000101010000000000
00000010001010100000
01000001000000000010
01010000000000000000
00000000000001000000
10000000001000000000
00000100000000000001
0010000000000010000100010000010000010000
0000000001000000000010000000000010100000
0100011001000000000000000000000000110000
0000000000000010000000000000000110000001
1000000000000010000000000100100001000000
0000000101010000000000000000100000000000
0000010010000000000000010100000000000000
0000110000000100101010010101000000000000
0000001000000000100000000000000000000000
0001000000000010001011010000000001001010
0000000100010000000000001000000000100000
0000100000100010000000010000000011000000
0000110101001000000000000000000000100000
0101001001000000000000000000100010110000
0100001000000000010000100000000000000000
0000000100001110000000000001000000000000
0000000000010010001000000011100000001000
0000000000000000110001000001000000000000
1001000000100000001000000000000000100000
0000000000001000100100001000000000000000
                    0000000010000100000000000000000000100000
                    0000000000000000000000000000000101000000
                    1000000001000100000000000000001100100000
                    1001000000100000000101000000010010010000
                    0000000110000000010000000100000000000000
                    0010000000000000000000000100000000000000
                    1001000001000000000010001000000000000001
                    0000000000001000001111000000000010000000
                    0100000000000000101000100000000000000000
                    0000000000001100000010000000100000000001
                    0001000000000000000000010000100000000010
                    0001000001000010100000000100000010001100
                    0010000000000000000000001100000000000000
                    0100000000000001010001000000000110010100
                    0000100000010000000000000000000100100000
                    1000000000000010000100000001000000010000
                    1000010000000000000100000000011000010000
                    0000000000000010010000001000100000000000
                    0000000010000000100000000010100000100000
                    0000000010010000000100000000000000000000
                    00001000000000000000
                    00000010000010010000
                    01000000000101000000
                    00000100000100000000
                    00000000000000100011
                    00000010001000001000
                    01000001000100010010
                    00000000000000000111
                    00000000000000000000
                    00100000000000000000
                    00001000000000000000
                    00011000100000000000
                    00000000000001000000
                    10100100000000000000
                    01100000000000100011
                    01001000000000000010
                    00000000000000010100
                    00000101000001001000
                    00010000000000100000
                    00110010000000010010

00100000000001000100
00000000000000000010
00000000000001100000
00001000000000000010
00100000000010000000
00000010000000000000
00001000000010010001
00100000000000000010
11000000000001000000
00001010000000000000
00000000100010100000
00000001000100000001
00000000000000000110
10000100001101000100
00001000000001000000
00010110000100000010
01000100110000000100
00001011000000000000
00001010010000000011
00000000000000000000
0000001001000000000110000000010000000001
0000100100000000000000010000010000000101
0000001000100010000000000000000000100000
0000110000000100000001000000000001010100
0000001000000001110000100000000000000100
0000000000000000100000001000000001000000
0000000010000011010010000000100000010000
0000001010000001000000000010110000000100
0000011010000000000101000100000010000000
0000100000000000000100000010000000000000
0000000011001000000000000000000101000001
1000010000001010000100100000000000000001
0000000000010000001000000000000110000000
0000000100010000000100000000000000100000
0000001001000000000010000000000000000000
0000000000000000100000100010010000000100
0000000000000000100000000101001000010000
1010000000000110000000000000000000000000
0000001000001000000001000000100001000000
1010010000010000000000000000100000000000
                    0100100100010000010000000100000000000001
                    0101100000000100000000010000001100000010
                    0000000000000010000000000000000100010010
                    0100000000000000000001000010010000100000
                    0010000000001100000000101001100000000100
                    0001000000000000000010010000000001010000
                    0100000000000000000011000100100001001010
                    0000000000000000000010100000000000001000
                    0000000100100000000000000100000000000001
                    1000010000100000000001000000000010001010
                    0000000000000011000000000000100000000000
                    0011100000000000000100000000000000000101
                    0000000001001000000000000000100000001000
                    0010000000000000000100000000000000000001
                    0001001000100000000000000000000000000000
                    0001100000000000010000001000000001000001
                    0000000110000000000010001000010000000000
                    0000000000000100000101000000000000000011
                    0010000000000000000010000000000010000100
                    0000100000000000000000000000000000000000
                    00000100000000000000
                    00100000011001000001
                    10010001011000110000
                    00000000001010000000
                    10101010000000100000
                    00000000000010000101
                    00000010101001000001
                    00001100000000010000
                    00001001101000010000
                    00000001000000000001
                    00111000000000000001
                    00011000000000010011
                    00000000100000000000
                    10000000000000000000
                    00011000000000000000
                    00000000000000000000
                    00000000000000000000
                    00000100000010101010
                    00011000000010000010
                    11000000000010000001

                    00100000000000000000
                    00000000001000000000
                    00010000001000000010
                    00000000000001000100
                    00000101011010000000
                    00000000000110000100
                    00000000000010000100
                    01000000000010000000
                    10100000000000100010
                    00100100000000000000
                    01000101001000001110
                    10001000010010000000
                    00000001000001000000
                    00001100000000000001
                    00000101000000001000
                    00000001000010000000
                    01000100000100000001
                    00000000000000000000
                    00000000100100100001
                    10001100111000000000
                    0101100001010100000100100000000000010000
                    0100100010000010000000000000000001000000
                    0010001010000000000001000000100000000010
                    1010000000001000100000000100000000000001
                    0000100000000100100001100010000001000000
                    0100010000000100100000000000000011001000
                    1000000000010000000001000000000000000010
                    1000100010000000000001000010100010000000
                    0100010000000000000000000001001000000000
                    0000000000000001010010001000100000000010
                    0100000001000000000000000000000000000001
                    0000100000010000001000000000011000000010
                    0000000000000010000000000100000000011000
                    0000000000001000000000001001000000000000
                    1000000001110000000110000110000000000000
                    0000000001000000000000000010010000010000
                    0010000000001000000010001100000000000001
                    0000000000000000000010000000100000000001
                    0000011000001010000010001000000000000001
                    0000100000010010000001000001000000010011
0001000000000100000000000000001010000001
0000000100000000000000010000000000000000
0000000000100100000000001000101000000100
0001000000000000000010000100000000000000
0000000001000000000000000000100000000000
0000000000000000000000100000000000010000
0000000001000000000010000010010000001000
0000000000000000000000000000000000000000
0000000100000000000010010000000000000000
0100000000100010000110000000000000000000
0000000000000000001000000001010000001100
0000000100010000100000000000110000000001
0000000000000000000000100001000001000001
0000000000110000010000000000000000100111
0000000000000001001000010000000100001000
0000000000100100010000010001000000000000
0000010000100000110010010010000000000001
1000100100100000000010000000000001000100
0001000101000000010000010000000000000010
0001000000000001010000000100000001000000
                    00000000000000000010
                    00000000001000010100
                    00000000001000000000
                    00011010100000000000
                    00000000000000100100
                    00100000000000001000
                    00000000000010010000
                    00100100010000000000
                    00001000010000000000
                    00000001000000000000
                    00010010100010100000
                    00100100000000000100
                    00000000011000000000
                    00001001001000000000
                    00100000100000000000
                    00011001000001011000
                    00000000000000000000
                    00000000000001000100
                    01000001000100000010
                    00100000000100000000

                                                            00000001010000100100
                                                            00000000001000100000
                                                            00000100010000000000
                                                            00100000000100100101
                                                            10000000000000000000
                                                            01000111000000000000
                                                            00010000000100100010
                                                            01000000000000000000
                                                            00000110100010000000
                                                            00100000000000000010
                                                            00001000001000000000
                                                            00000000000000000000
                                                            00000000000000000100
                                                            00010100000000000100
                                                            00000010101000010000
                                                            00000001010000000100
                                                            00100101000011001000
                                                            00100000001000011000
                                                            00000000000000000010
                                                            00000000000010100000
00000000010000000000100000000001000000000000100000100000000000000010000001100000
00010001000000000100000000101000000100000000000000000010000000000000000000001000
00010100000100000100000000001100000000000000101100000000000000000000000000101100
01000000100000100100011000000000000010000000010000000000010000000100000000000001
00100010000000000000000000010000000000000000000000010001000000100101100010010000
00100100000000000010000000001000000000000000100101100000010000010000000000000000
00100100010000000000000001000000100100000001000100000000000000000001000000010000
10100001000011000110100000110100000000000000000100000000000000000000000000000010
10000000000100000000000100000000000000010001100000000000000100000000000010110000
00000000000000010011000000000000001000000000000000100010001100000010000100101010
00001000000000000000110010010000000000101000000001000000100000000000010000000100
00000000000000000000000000010001000000010000000000000000000000010010010000000001
00010000011000000000000001000000000000001000001000100000000000000000000000000000
00000100100000100001000000000000000000000000000010100000010100000000000001000000
00000000001000000100000000001000000000010000000000000001100000000000001000000000
00011001000000000000000100000000000000000000000000000000000000000000000000000000
00000100000000000000000000100001000010000000000001000100010000000000000000010100
00010000111011001000000000001000100000000000000000000000000000000000010000010000
00000000000100010000000010000000000000000000000100010000001000001011000000100000
10000001000110010000000000010011001000100000000001000000000000000000000000001000
00001000000000000100
00100000000000001000
00101010000000000000
00011000000000000001
00010000000100000000
00001000000000000000
00000000001000000000
00000000000000000000
00000000001010000000
00001000010000000000
01000011100000000000
01001000000000000010
00000000000011000000
00000000000000000000
00000000000100000101
10000000000000101010
00000000000000000000
10000101000000000000
00000000000001010010
00100000010001001000

                                                            00000000000000000000
                                                            00010000000001000100
                                                            00000100001010001100
                                                            00000000001000000000
                                                            00000000001000011000
                                                            00000000000000100100
                                                            00000000000001000000
                                                            01100000000000000000
                                                            10110101100000000000
                                                            00001000000000000000
                                                            00000000010000000000
                                                            11000000000001000000
                                                            00001000000100000010
                                                            00001000000101100000
                                                            10000010000000000001
                                                            01000000000000000000
                                                            00000000000001000000
                                                            00000000000000000001
                                                            00000000001000010000
                                                            00000000000000010010
00101000000010000000000000000000000100000000010100011000001011000000000101000000
00010001000000100100000000000100000100010010000000000000010000100000000000000000
01000001010000001000011000000000000000000001000001000000000000000000100100000000
00000000001000000000000000000000000000000010000000000000000000001001000100000010
00000001000000000000000000000000000000000100000000110010010010000000101010100010
00000100000100001000110100000000000010000000000100000010000001001011000000000000
00010000001010000011000000001001000000000000001000000010000000000000000000011001
00000000011000000110000000110000000000100000000000101100000000001000000010000000
00000000000000000000000000111010001000000100000000000000000000110100010000000000
01000010000100000100000000000000011000000000000000010010100000010000010000000000
00000010000000000010000100000010000011000000000000000100000000000001100000000000
01010000010001000010000000000000000001000000000000000000000000010000010010000000
00000000000010000000010000010000000101000000000100000000100000000000001000000001
00010010100000010000010111110000000000000010000000000000010000000010000000010001
00001000000010000000001000000000000000000000010000000011100000000000000000010000
00000000001000000011000000100000000010000001000000000101000000000100000010000010
00100000000000000010000000000000000000000000100001100000001100000000010000100001
00010000000100000000000000000000000000000000001000000100010000010000000001000000
00110001000000000000000001000000000000000000000000000000000000000000100000000001
00000000000000000000001000000000100000000001000000100010010000100010000100000000
                                        00001100000000000000
                                        00001010000000000000
                                        00000000000000000100
                                        10001001000001000000
                                        00010100010011000001
                                        00000000100010000001
                                        00000010001100000000
                                        00100000000000000000
                                        00010000000000000000
                                        10000000001100000000
                                        00000000000101000001
                                        00000000000001000000
                                        10010001000000000000
                                        00000000001001000000
                                        00001000000000001000
                                        00000100001010010000
                                        00000001000010000000
                                        00000011000000000000
                                        00110000000000100000
                                        00000001000000000001

                                        0000000101000000000010000000000001000010
                                        0001000000000010010000100000000000001000
                                        0010001101000000000010000000100110000000
                                        0001000000000000100000000000010000000000
                                        0001000000000000000000001000000010000000
                                        1000100000000000000010000000001000000000
                                        0000000000000000110010000000000000000000
                                        0100000010000000000000000100000000000000
                                        0100000000000010000000000000011010101000
                                        0000000010000000000000001000000101000000
                                        0001000010000010000000000010000001001010
                                        0000100000000100000000000100000000000000
                                        0000000000000000000000100000000010000001
                                        0000000000001000100001000000000100000000
                                        0000001000000000000000000000001000000100
                                        1010001000000000100000000011100010000000
                                        0000001000001000100000000000000000000001
                                        0000000000000100110000000000000000010100
                                        0000000000000110000010000100000000000000
                                        0000000000000000000000100000000010010000
                    0001000000000000000000000000011000000100
                    0000011100000001000000000000001000010000
                    0000000001000000000000000000010000101000
                    0010000000100000000000000001000001000100
                    0010000000000000000000000000000010000000
                    1000000000100000000000001000000100011000
                    0000000000000000001000000000010000000010
                    0000100000000000000000000010100000000001
                    0010000000000000010000000000000000000100
                    0001000000100000000000000000000001000000
                    0001000000000000000100000000000010100010
                    0001001010000000000010000000000000000001
                    0010010000001010000010000010000110000000
                    0000100000000000001000100000000000010011
                    0000000000010100000000010000000000110000
                    0000100100000000000000010000000010000000
                    0000000100000010000101000000000000000100
                    0011101000100000000011000001010000000000
                    0100000000100000001000010000000000000100
                    0000010000000000000000000000000000000000
0100000000000100100000000001000100000000
0100000100100000000010010000000000100110
0000000100000000000000001010100000000000
1000000000100010000000000000010000010100
0100100000000000000000001000000000000000
0000010000000010001000000000100000000110
0000100000000010000010000000000000000000
0000000010010100000100000000000110000000
0000000000100000010100000100100000000010
0001000000000000000011000001000000000000
0010000001000100000000000000000000000000
0000000000000000000000010001000000000000
0000100010000100000100000000110010000000
0000100000010000000001000000000000000000
0000000100000000000100000000000001000000
0001010010000000011100010001000000000000
0010000000010000000000000100001010100000
0000000100000000000000100000000101100001
0000100000000000100000000010000100000010
0000100010000000010000000000000001000000

00100000000010000001
00010111000010000000
00000001000000001000
00000001100000000001
00000000100000000000
00000000000000100010
00000000001000000000
00000000000100010000
00000001000000000000
00010000000000000000
00001000000000100000
00000000101000100000
00000000001000100010
00000000000010000000
00110000000010000000
00000001000000000001
00000000000000000000
00000000000000100000
00010100000000010000
10000000100000100000
0000000000010000000000000000100100000010
0000100000000000100000000000011100000001
0101100000010000100010001001000000000000
0000000100001000010000100000100000100000
0100000000000000000000000000100000011000
0000000000011110001001100000000000000000
0000011000000000000100000000000000000010
0000010011000001001000100000000000000100
0000100000000000000000000000000000000011
0000100000000010000001011000000100100000
0000000000000001000000000000000000000000
0000000000010000100000000010010000010000
0000010100000000101000000000000000000000
0000000000000001000001000000000101100000
1100000000000000000000000000100100001000
0000000000001000000101000000000000000101
0000100010100000100000000000000001000010
0001000000000000001000000000000000100000
0001000101000000000010000000000000000000
1101000000000100000000000000000001000010
                    0101100000010000000001000000001110000000
                    0000000100010000001010000000000100000000
                    0000000000000100100000000000000000000000
                    0000001100001000000000000001100000100000
                    0100000000001000100000000000100101001000
                    0000001000001001110010000000000001010000
                    0000001000000100000000000000010000000010
                    0000000001000000000000000000000000000000
                    1000000000000111001000001000000001000000
                    0000001001000010001000000000001000001001
                    0000010001101000100100000010000000000000
                    0001000000000000000000010010001000000000
                    0000000000000010000000000000000000000100
                    0000000001110100000000000001001000000000
                    0000000010010001000000000000011000000010
                    0000000000001000000000000000000000000010
                    0000000100000000000000000000000100000000
                    0110000110010001010000010000100000000000
                    1000000100101000001101000001001000100000
                    0000000000000010000000100000010000000100
                    00000000000000000000
                    00001100000000000010
                    00000000100000000010
                    00001000000000000000
                    00100000010000010000
                    01000000001000000000
                    00001000000001000100
                    00010000001000000001
                    00000000000000000001
                    00100010000000000000
                    00000001000000000000
                    11001100000000000000
                    00010001010001010010
                    10000000000000000000
                    01000000000000001000
                    00000000100000000000
                    00000000010000000010
                    00000000000000001000
                    00000000000001000100
                    01001000000000000000

                                        00010000000000010100
                                        00000000000000000000
                                        00001000000100000100
                                        00100000111000000000
                                        00000000010000000000
                                        10000000100000000000
                                        01000110000010100110
                                        00000000000101000001
                                        00000000000000100000
                                        01000100000000000100
                                        00000000110000000001
                                        00001100000001001000
                                        00000011000001000001
                                        00000000100001000000
                                        00000010000000000000
                                        00000000000000000000
                                        00000001001000000000
                                        00000000000000000100
                                        00000100000000100000
                                        00011000000001000000
                    0000000001000000000000000010001010000000
                    0000000000000010000000010000000010010001
                    1000011000100000000100000010000000000100
                    0000000000000100010000000000000000100000
                    0000000010000000101000010010010000010000
                    0000001000000000000000000000000000000010
                    0001010000000000100010000100010010010000
                    0000001000000000000000000000000000100000
                    0001000010000000001000000000000001100000
                    0000000010000000000000000000001000000001
                    0010010000000000000000000000000000000001
                    1000000000000000100000001010000000000000
                    0100000011000101001000000100000100110010
                    1000001000000001000000100000000000010000
                    0000000000001000000000100101000010000010
                    1000001000000010010100000000000011000100
                    0000000010000000000001000000010010000010
                    0101000000000000000001000010010000000001
                    0100000000000011000000110100000001000100
                    0000000000001100000001000000100000100000
0000000010010000000001000010000100001000
0010001000010001000000010000010000001000
0000000000000000000100010000000000000000
0100000000000000000000011001000100100100
0100000000000000010000000011000000001100
0000000000100000100010101000000000000000
0000100001000000000000000001001000000000
0001000000000001000110000000000000001000
0001100010001000000001001010000000000011
0000100000000000010000000000000010000000
0000100000000000001000000000001000000000
0000000000010000110000000000001000000000
0100000000010000001000000000111000100000
0000100000000000100010000100000010010000
0000000000001000000100000000000000000000
0000000010100000000100010000010101100100
0000000100100001000101001000010010000000
0100001000000000101000010000011000000000
0001010000100100010000000100000001001010
0000000000000000000000000000000000000000
                    00000000000000000000
                    00100000001000000000
                    00001000000000001000
                    00001000000001001000
                    00000000000010010000
                    00000000100000100001
                    00000110000000000000
                    00000000001100000000
                    00010000000001000000
                    00000000000000000100
                    00000001000000000100
                    01000000000101000000
                    00000001000000000000
                    00000100000000100100
                    00000100001000000000
                    00010001000000000000
                    00000001000000000000
                    00000100000000000000
                    00000100100000001000
                    00000000000000101000

                                        01000000011000000000
                                        11001000000000000001
                                        00000000000010001000
                                        00010010000000100000
                                        00001000000000000000
                                        00010100000001000000
                                        00000000000000001000
                                        01000000001000000100
                                        00000000000010000011
                                        00000100000000000000
                                        00000001010000100000
                                        00101000000100000000
                                        00000010000001100000
                                        00010000000000000010
                                        00001011011000000000
                                        00000010000010001000
                                        00100000000000000000
                                        10000000000101101110
                                        01000000000000000000
                                        00000100100001000000
00110000000000001000000001001000000000000000000000101000000011000000000000000000
00000100000000001000000000000000100000100000000000100000010000000000000000000000
00100010000000001000100001000000000000000100011000010000110100110000100000010101
00000000000001000100000000001000000010000000000100001000000000000100000000000000
00000000000000000000000000000000000000010000000000000000000000000000000000000000
01000000101000001100001000001010101000011000000010000000000000000000000001000010
00001000000000000000000000000010000010010011001000000000000100000100000000000100
10100101000000000001000010000000000000000000100010001000010000000000100000000000
01100000100000000000000000001000000010000010010010000000000000000000000000000001
00000010000000010010101000010100100000000000000000000000000000000000000000010000
00000000000100000000100000101000000000010000001000100010101100000000000000100000
00000010000000000000000000000100000000010000001000000000100000000000000000001000
00100001000000000001010000100000010000000000000010000101000000000011000100010000
00000000010001000000000000010000000000000000100000000001000000000001000000010100
00000000001100001010001000000000000100000011000100000000000000000000000000000010
00010000001000100000001000000000000000100100001000000000000000000100100000100000
01000000000000010010001000100000000000000000000001000000000000100000001000000000
00000000000000000001101000000000000010100000000011000000000001000000000000000000
00000000001000011000000000000110100000000000010000000000000000000110000000000000
00000000100100000010000000000000010000000000000000001100100110100000000001000100
                                                            10000000010110000000
                                                            00000001000000000010
                                                            00000000010100001000
                                                            00000000000000000000
                                                            10000000000000110000
                                                            00000000000000000010
                                                            10000000000001101000
                                                            00000000000010001000
                                                            00010000000000000110
                                                            11000000100000100000
                                                            00011001000000000100
                                                            10010000000000001000
                                                            00000100000000000000
                                                            00010000000000000000
                                                            00100000000000100000
                                                            00000000000001100000
                                                            00100000000000000100
                                                            00000000000000000001
                                                            00000000000000000000
                                                            00000000000000110000

