XOX OX_ XX_
OO_ XX_ X__
__X XOX OOO

___ X__ O__
_XX _XO __O
X_O __O _OX

_XX __X OO_
O_X OOX _XO
__O O_X X__

X__ OO_ X_O
OX_ O__ OX_
X_X ___ _OX

XX_ ___ XOO
XXX ___ ___
___ ___ __O

_O_ ___ O__
OX_ _XX O_O
OOX X__ ___

_XX OXX X_X
_OO OO_ __X
__X X__ _O_

X_X X__ O__
X_O OXO __O
_X_ O_X _XO

O_X X_O X_O
X__ X_O X_X
O_X O_O XO_

XX_ _OO ___
OO_ _XX ___
_XO XXX X_O

_OX OOO __O
__X O_X X__
__X X_X ___

OOO OXX ___
_XO ___ OXX
X_X _X_ __O

_OX __X __X
_OO XXX OXX
OXO XOX _O_

XO_ O_X OXO
OOO OXX XXX
OXO _OO XOX

__O X_O O_X
OO_ XXX OXX
OXO __O X__

___ _XO X__
_O_ OXX X__
_O_ OXX __O

OXO XXO XOO
OXO OXX OXX
XOO XOO O_X

OO_ _OX OOX
OO_ X__ OXX
_XX O__ XXX

OOO __X OO_
XXO O_X ___
_O_ _XO _OX

___ X__ O__
___ OO_ OXX
OXO XO_ OX_

___ ___ XXX
_X_ OO_ __O
XO_ OXO ___

OOX OX_ _OX
XO_ _XX _X_
O_O _X_ X__

_O_ ___ ___
X_O X__ _O_
X__ XX_ X__

O_X ___ XOO
OX_ ___ ___
XXX _XX XOO

X_O _O_ XXX
O__ __X XX_
X_O _O_ ___

_OX OXO OOX
__X _X_ OXO
___ X__ ___

XOO O__ OXO
XOO X_O O_X
XX_ XO_ O__

___ __O O_O
_XO __X __O
_X_ ___ __X

___ ___ XOX
XXO ___ X__
OOO ___ ___

OO_ XO_ _XX
_XX _OX O_O
X_O XOX __X

_O_ X_X XOX
__X __X __X
___ _OO ___

X_X ___ ___
___ O_X ___
___ OXO OO_

OX_ OOO __X
___ __X __X
___ ___ ___

_X_ ___ O__
OX_ OOO X_X
_X_ __X ___

XOO OXX _OX
XXX XXO OO_
OOX XO_ XXX

XX_ __X XOX
XX_ OO_ OX_
X__ O__ _OO

OX_ _X_ OO_
___ XXX OXX
__X O_O _O_

___ OXO XXX
__O OOX _XX
OO_ __O XX_

___ ___ X__
O__ ___ OO_
XXX XX_ _XO

OO_ ___ X__
OX_ XO_ __O
XO_ _X_ __X

XOO OX_ OO_
OOX XXO XO_
XXX XOO XXX

__O _OX X__
OX_ _XO OO_
_X_ OX_ XX_

X__ _X_ XO_
_OX O__ _OX
OX_ XXO XXO

X_O __X XOO
OXO XOX OX_
OOX OX_ _OO

_O_ _O_ _X_
_X_ _O_ __X
X__ _O_ ___

OOO XX_ ___
X_X _XO ___
XOO __O _X_

_X_ _O_ __X
OXO _OO X__
X__ O__ ___

OO_ _XO OXO
O__ XOX XOX
__X _OX OXX

XXX XXO _O_
_O_ X__ _O_
O__ ___ ___

___ ___ __O
_OO _XX _O_
___ XXX ___

___ _XO ___
_O_ OXX XO_
___ _XX __O

X_O _X_ __X
_O_ _XO _OO
X__ ___ _XO

_XO X_O X__
___ OX_ __X
XXO XOX OOO

___ __O X_O
XO_ OXO __X
_XX X_O OO_

__O X__ OOO
OXO _X_ XOX
O_X X_X OXO

X_O OOX XXX
O_X X__ _O_
OX_ OOX __O

O__ X__ __O
__X XXO _OX
XXO __O OXO

_OO _OX O_O
O_X ___ __X
_O_ _X_ _XO

__O XOX X_X
OO_ OX_ XOX
OX_ XO_ OXO

O__ ___ _O_
_XX _XX __X
_X_ __O O__

X__ XX_ XX_
___ __X O__
___ ___ OO_

_XO O__ __X
_XX XO_ XOO
XXX OO_ _O_

O__ OX_ X__
X_O _XO OX_
___ _X_ _XO

___ OO_ ___
___ OX_ ___
__X OX_ ___

O__ __O ___
___ O__ _XO
OOX _XX _XX

___ _XX O__
OO_ XO_ _O_
X_O __X ___

OO_ O_X X_O
_XX XO_ _O_
OXX OO_ OXX

XOO X_X OXO
O_X XOO OXO
_XO O_X XOX

O__ __O _XO
_XO ___ XO_
OOX XO_ O__

__X __X O__
_OX _OX _X_
_XX __O ___

__X ___ __O
X_X O__ O_X
O_X O__ X_X

_X_ _XX _XX
X__ __O OOX
_OX _XO OO_

XO_ _O_ O_X
XXX __O XOX
XXO OO_ XOO

XOX XXO XO_
O_O XXO X_O
_OO O__ OX_

O_X X__ OX_
O__ O__ ___
X__ ___ ___

___ O__ _XX
___ X__ OO_
_OX __X OXO

OXO _X_ _O_
XXO _OX _XX
XOO _OX X_O

___ XX_ _O_
X__ XXO _X_
___ X__ O__

_OO _OX _O_
__X ___ X_O
__O __X XXO

XOX XX_ XX_
_X_ _O_ O_O
XO_ O__ OX_

_O_ O_O X__
_OX _O_ OXX
_XO O__ XXX

_XO XOO OXX
OOX OO_ __O
_XO OXX XXX

___ ___ __X
OO_ XXX O__
_X_ XX_ OXO

__O OX_ OOX
_O_ XX_ X__
O_X XX_ O_O

_OO _XO _O_
___ X__ __X
__O ___ __X

___ ___ XO_
___ XX_ XO_
___ OOO _XO

___ ___ __O
__O ___ XOO
_XX XXX _O_

___ X__ _XO
__X __X O__
_OO _OX O_O

X__ __O XX_
__O _O_ XXX
O_X ___ ___

X_O X_X OXX
XXO O_O XXX
O__ OX_ OO_

_X_ ___ ___
__X O_O _XX
__O __O __O

_X_ XX_ XXO
___ X__ O__
___ ___ O_O

_X_ _XO _OX
XO_ OO_ XO_
_O_ XXO _X_

XXO _O_ ___
___ _X_ OO_
_O_ XOX _O_

XX_ O__ X_O
_O_ _X_ _O_
___ XO_ _O_

OO_ ___ X__
OXX _OO OX_
_OX __O OXX

OO_ X__ ___
OXX ___ _X_
_O_ O__ ___

_XO XXX OX_
O__ _X_ _XO
__O ___ ___

___ _O_ _X_
X_X _OX __X
O_O _XX _OX

XX_ O_X O__
XX_ __O O_O
OX_ ___ _XO

XOO O_X __O
X_X __X _O_
__X X_X O__

X__ XXX XX_
_X_ __X O_O
XOX OOO OXX

_X_ ___ XXX
_O_ ___ XXO
OO_ X_O _O_

X_O OXX X_O
__O OXX OOX
_OX XXO X__

_OX __X _O_
OX_ X__ __X
OXO O__ O__

_O_ _XX __O
O__ XXX XX_
___ OO_ __X

_X_ OO_ _XX
__O OX_ X__
__X O__ O__

_X_ O__ __O
___ XO_ _X_
OXX OXX O_X

XOX OOX ___
OOO _XO _X_
XOX X_O X__

OXO XOX O__
OXO OXX XXO
XXO OXO _OX

_XO O_O X__
_OX O__ XOX
XXO OX_ O_X

O_O ___ __X
O_X X_X _XO
___ _XO OOO

__O _OX __X
__X __X X_X
X__ O__ X_O

XXX XXO _OO
___ OX_ __X
O_O OX_ X__

__O O__ X__
_XO O__ OXO
___ X__ OO_

O_X OOX _XX
_OX _XX OOO
OX_ O__ XXO

OO_ X_O XXO
OXX XO_ OO_
OOX XOX OXO

OOX X__ ___
XOO ___ ___
___ ___ ___

O_X O_X XOX
OOO X_X X_X
_O_ O_O ___

X_O __O O_O
__X __O X_X
___ XO_ O__

_OX XOX O__
__O X__ XOO
OOX __X OXO

O_X _X_ ___
XO_ __X ___
OO_ _O_ _X_

XOO _XO _XO
___ OXX XOX
O_X XOO XO_

X__ ___ X_X
OXO _O_ OX_
_OO ___ X_X

X__ O_X _O_
__O XXX __O
___ OXX _OX

OO_ _X_ OXO
__X O__ XOX
O_X XOO OOX

OXX X_O _OX
XXX XO_ __X
O__ _O_ _XO

X_X OX_ XOO
O__ O_X O_X
O_X X__ ___

XO_ __X ___
OO_ _XO ___
OX_ ___ X__

XOO XXO OX_
XO_ X_O O_X
XO_ OOX XX_

_XO X_O OOX
O_O _OX XOX
XO_ OXX X_X

XOX OXO __X
O__ XOO OXO
O__ OXO X_X

XXX XXO OX_
OOX X__ ___
O_X OX_ _OX

OOX X__ _O_
XO_ X_X ___
X__ X_X _OX

OOO X__ OX_
_O_ X_X O_X
X_X _OX X_X

___ OO_ _X_
X__ OX_ __X
___ XO_ ___

_OO _XO ___
O__ X_O XXX
X__ ___ OXX

O__ __X XXO
__O O__ XXO
_X_ X_X _XO

X_X OXO X_X
_XO XOX _OX
_OX _OX OXX

OOO X_X OX_
X__ OOO _OX
O_O XX_ XXX

XOX _XO _OO
OXO OXX XOX
XXO O_X OO_

XXX ___ OXX
OXX O_X X__
_O_ __X OO_

___ ___ ___
__O XXX _XX
OX_ XO_ ___

X__ ___ OO_
O_X _XX ___
X__ XXO OOO

O_X OX_ OOX
X__ ___ ___
_XX O__ XOO

___ OXX XXX
OO_ XOX O_O
___ __X X_X

___ _X_ X_O
OO_ XO_ _X_
_X_ XO_ _OO

OO_ _XO _OO
X_X ___ _O_
___ _X_ XX_

__O ___ _X_
X_O OXX __X
OXO XOO ___

XX_ XXO _XX
__O _O_ ___
OX_ ___ OOO

XXX _XX O_X
___ _O_ _OO
___ OOX _X_

XXO ___ O_O
XXO _O_ _OX
_X_ _X_ __X

___ _OO O__
___ __O O__
__X _XX _XX

OXO _XX XOX
OOX OXO _XX
XOO XXX XOX

_OX ___ XXX
O__ __X OXX
__O OO_ __O

_X_ ___ ___
___ ___ XOO
___ ___ OXO

OX_ XO_ _X_
XO_ _X_ _X_
OO_ __X OO_

_OX X_O OXX
___ X_O _OO
OOX OOX XXX

XO_ O__ O_X
O__ XOX _XO
O__ O_X OX_

__X __O O__
__X _XO O__
X_X _OO XO_

O_X X__ OX_
__X O__ O__
___ XXO _O_

__X OXO O_X
O__ XX_ O_X
O_X X_O X_O

_X_ XO_ _O_
O__ X__ O__
XO_ O__ O__

XXO OXX _XO
_O_ _XO OOX
_X_ OOO XOX

XX_ OO_ ___
O_X XO_ ___
___ _O_ _XX

XXX OXX X__
OX_ ___ ___
O__ ___ _O_

XX_ __X XXO
O_O X_X O_O
_XO OX_ OXO

O__ _X_ _O_
XXX OO_ __O
OXX ___ _OX

X__ ___ O__
OOX XOX _O_
X_X O__ _X_

___ XXX ___
_O_ ___ _OX
OX_ XOO OXO

XOX __O __O
O_X __X ___
X_X O_X ___

XO_ OX_ OO_
___ X__ _O_
___ _XO X_X

O_X X_O ___
__X O_O _X_
X_O _XO __X

__O OXX _OX
X_O XO_ O__
OX_ OXO O_X

___ OXO _O_
___ _XX __O
XO_ _XX ___

X_X X_O _O_
XO_ OOX OX_
X_O X__ _X_

O_X ___ _X_
OX_ ___ OXX
OO_ ___ OO_

XOX OXO _XX
OXO OXO XXO
O_O XOX XOX

XXX _OX _OX
XXO _XO OX_
O__ ___ __O

X_O ___ X_X
OOX ___ _O_
OXO X__ XX_

___ _O_ __X
X_O OXX ___
O__ OO_ ___

_XO OO_ _XO
OXX __X O_O
_XX ___ OXX

OO_ __X XO_
XO_ ___ __O
XO_ _XX __O

__O _X_ ___
_OX O_X __O
__X __X OOX

O__ ___ ___
__O __X XX_
O_O X_O __O

___ ___ O__
_O_ X_X ___
OOX OXX XO_

X_O _XX O_O
X__ OXX OX_
___ XX_ X__

_XO __X OXX
OOO X__ _OO
_X_ _X_ XO_

O__ X__ O__
_O_ O_O O_X
X_X X__ ___

__X OXX _XX
O_O OO_ O__
X__ _X_ _X_

XO_ _X_ ___
_OO _O_ ___
_XX _OX _X_

_OO _OX _XO
_OX __X X_O
OOX O_X _XX

___ __O ___
_X_ OXO _X_
_X_ OO_ _X_

X__ _XO ___
XX_ _OO XOX
O__ _XO _O_

X__ _OX _X_
X_X O_O O_X
OX_ O__ XXO

_OO _OX OXX
OXO XOO _XO
OOX X__ __X

_OX OOX X__
OX_ XO_ OXX
_OX _X_ _XO

___ X__ _X_
_OO X__ OO_
O__ OX_ O__

___ OXO XOO
___ ___ O__
X__ O_O XXX

X__ XXO O__
XOO X_O ___
_X_ XXO OOX

OOX XO_ XXO
XXO _O_ OXX
OOX XO_ OXX

OXX OXO _XO
_XO XX_ _O_
X_O _OX X__

_O_ OOX O__
OXX __X __O
X_O XXO XXX

OO_ X_O OX_
X_X _OX XOO
_O_ XXO OOX

__O _XO O__
X_X __O _X_
_XO X__ O_X

XOO XXO XXX
OO_ O__ XOX
_O_ _X_ XO_

_OX X_X X_X
_XO O__ ___
_OO X_X __O

___ OO_ OXO
___ __O XX_
XXO X_O ___

_O_ O_O __O
XX_ XX_ _XX
_O_ XX_ O__

O__ __X ___
XO_ _OX _O_
__O _XX XO_

__O O_O XXO
_OX OXO XOX
O__ XXO OOO

XOO O_X XXO
XX_ _O_ OXO
OOO _XX OOO

OOX X__ OX_
___ __X __O
O_X OXX XXX

_OX ___ O__
XXO OXX OXX
__X ___ OXO

_OX __O O_X
_OO O_X ___
_XO _X_ OOX

___ __X __O
OO_ XO_ O_X
_XO __X _X_

XO_ __O XO_
O__ XXX _XX
O_O ___ O_O

_X_ _O_ ___
_O_ XXX O__
OO_ OXO X__

__O _XO XOO
_X_ X__ ___
X__ OO_ ___

___ __O ___
___ XX_ XXX
___ _OO ___

_O_ XOO X_X
__X XXX O_O
__X OXX O__

_O_ _O_ _X_
_X_ _O_ __O
_O_ XX_ ___

_OO _XX _OX
_XX _OX XXX
X_O _O_ ___

__X __X _X_
_XO OO_ _X_
OOO _XO OX_

OX_ __X XOO
O_O _XO _X_
_X_ OOX OXO

OXX OOO OXX
O__ X__ _XX
_OO XO_ OXX

__X O_X _O_
O__ _O_ _O_
X_O XX_ XXO

_O_ _X_ ___
_OX __O ___
_OO X_X ___

_O_ _OO _O_
__O XXX _O_
__O _XX ___

OOX X_X _OO
_XX X__ X__
_OO X__ XX_

_O_ X__ XX_
___ X__ XOO
__O _OO X_X

OOO _X_ OXX
XXX OO_ XOX
OXO OXO _O_

X__ O_X ___
OXO __X O_O
XXO _OO XXO

_OX XX_ XXO
XO_ X__ XOX
O_O O__ OX_

_XX _XX _XO
__O __X ___
X__ ___ ___

_OX _OX _O_
O_X __X __X
___ ___ ___

___ _O_ _OX
X_O _XX _OO
__O ___ XOX

__X _X_ _X_
OX_ _X_ _X_
_O_ O_O __O

O_X O_X XOO
X_O OX_ _XX
X_X O__ _O_

_O_ XOO ___
_XX OOX _X_
_O_ ___ _XX

XOO X__ ___
XOO X__ __X
_XX ___ _O_

XXO _OX OOX
X__ X_X __X
_OO ___ __X

_XX X_O O_X
__X _XO OO_
OXO _OO X_X

X__ ___ ___
O__ O__ O__
XX_ O__ X__

XX_ XX_ _X_
___ ___ OOO
___ ___ _O_

XX_ O_X O_X
OOX X_X OOX
XXX _OO _O_

XO_ __O XXX
___ OXO OXX
XXX O_O O__

___ XX_ O__
OX_ O__ O__
___ X_O _X_

OOX X__ X_O
XOO _X_ _OO
_XX OOX OX_

XOX ___ OX_
OOO XX_ O_X
XOX _XO _OX

O_O __X __X
X__ X_X __X
_X_ ___ OOX

___ _X_ OOO
O_X __X __X
___ __X OOX

XO_ O__ _X_
OXX OXX _XO
_O_ __O _XX

___ ___ X_O
XXO __X OOX
OOO X__ _XX

_XO O_O OXX
O_O _O_ X__
___ XX_ XXX

__O _OX XOO
__X __X _OX
___ ___ _X_

XXO X__ OOO
OXO _OX _XO
OOX X__ O_O

O_X XO_ X__
X__ X__ X__
___ XO_ ___

XOO XX_ _OO
OXO OX_ XOX
OXX _X_ _XX

XOO XXX _OX
___ OXX O__
O__ O_O ___

O_X O_X O_X
_OX __X __O
__O OX_ _X_

XX_ XXO _X_
XO_ XO_ OXO
__O ___ _X_

_XX O__ _X_
XXX ___ XO_
OOX __O _O_

XX_ __O ___
XX_ __X _OO
_XO _O_ __X

_XO X_X OO_
___ _O_ OXO
_XO ___ XXO

___ __X _OX
OO_ X__ _O_
XXX XXO ___

O__ XOX X_O
_XO _XX OXO
_XX _O_ OO_

O_O X__ OOO
_X_ O__ XXX
_O_ __O XXO

OXX _XO ___
OOX O_X XXO
__X O_X O__

O__ OXO X__
_X_ ___ XX_
___ ___ XXO

O__ OX_ OO_
__O ___ ___
_X_ _XX __O

X_X X_O OX_
XO_ OXX O__
O_O O_X XO_

OXO XO_ X__
__X XXX XOO
OOX _O_ XXO

XO_ _XX O_X
X_O O_O __O
_OX _XO OOX

_OX O_O __O
_XX ___ O_X
_XX _O_ XO_

___ OXO _X_
OXX _OO ___
OO_ XXO XO_

_X_ OXO OX_
OXO _X_ XO_
__X OO_ __X

_XO XO_ X_O
___ X_O X_X
O_X _XX X__

_OX O_O X__
XXO XX_ OX_
_X_ _OO ___

__O O_O _O_
_XX XO_ OX_
XXX _OX O__

___ O__ OX_
___ O__ XXX
_OX _X_ O__

O__ O_X X__
__X _OX X_O
__X _OX ___

_XO O_O X__
_OX _X_ _X_
_OO _XO X__

O__ __X __X
__O __X O_X
___ O_X X_O

___ O__ _X_
OXO O_O _OX
_OO X_X XOX

_XX ___ _X_
XXX OO_ O__
_O_ __O X__

OOX ___ __O
OX_ __O ___
XOX _X_ X__

O_X __O O_X
__O X__ XOO
X_O XXX X__

XO_ X__ ___
___ ___ ___
X_O XXO _OO

OX_ __O __X
OXX XXX _O_
X_O _OX OX_

OOX XO_ _XO
X__ _XO __X
___ _OO __O

XO_ _OX OXO
XXX _OO OXO
OXX O__ _OX

___ ___ _O_
_X_ _OO OXO
_XO X__ __X

O__ _O_ _X_
_XX XXX X_O
___ ___ _O_

OXO X_O X_O
XXX XXX OOO
XOO OOX _OX

OO_ XO_ OX_
__O _X_ __O
_XX O_O O_X

O__ O_O X_X
O__ _O_ __O
XXX XXO _OX

XOO __O O__
OOX __X _X_
___ _X_ _O_

_XO _O_ __X
XOX ___ __X
XXX XXO XOO

XOX __X _O_
X__ O_O XO_
X__ X__ OO_

X_X _X_ __O
_OO OX_ OOX
_O_ __X __X

___ ___ X__
O__ O_O XXX
___ ___ XX_

XXO XO_ XXX
OXX OX_ O_O
OXX XOO __O

__O OO_ OOX
XXO XXO OXO
_OO OX_ XOX

_X_ ___ _OX
O__ OXO O_X
X__ _OO X_O

_OX X__ _XO
X__ O__ X_X
O_O O_O OX_

_X_ X__ OOX
___ X__ __O
OXX OO_ OX_

__X O__ OX_
OOX _X_ ___
XOO _O_ _X_

_X_ XO_ O__
_O_ OX_ __X
OO_ XO_ O_X

__X OXO _OO
X__ O__ XOX
___ X_X __O

_O_ ___ O__
___ ___ ___
XOO _XO X_O

___ OO_ _X_
___ XO_ OX_
_X_ _O_ __X

XO_ ___ _X_
X_O __X O_O
OX_ XX_ XXX

XOO XXX XXO
O__ XO_ OOX
___ X__ XXO

___ ___ ___
_X_ OO_ X__
_X_ OXO O_X

__O O_X _OO
_XO XXX ___
__O XX_ ___

XOO OOX ___
X__ O__ ___
_X_ X__ ___

XXO _OX _XO
XOX _OO OXO
_X_ _OX OXX

___ _XX ___
OO_ OXX XO_
X_X __O X_O

_X_ __X O__
OX_ _XX __O
_XO OOO OX_

___ X__ OO_
__X OXO XXO
O_X XOO XOX

XXO _OX _OO
_OX ___ XX_
XO_ ___ _OO

XX_ _XO _OO
OO_ _XX __O
XO_ OXX OX_

OO_ ___ XO_
__X _O_ XO_
_XX XXX _OO

_OO __O XXX
_X_ _O_ XXO
XO_ ___ __O

___ _OX OO_
OXO O_X XXX
___ _OX __X

XOX OO_ OX_
___ XXO O__
_X_ X_O __O

XOX ___ _OO
___ _OO XXX
XOO _X_ OXX

__X __O ___
__O _X_ _OO
X_X __X OXO

__O OXX XXO
O_O ___ XXO
O__ ___ XXX

__O __O _OX
__O X_O OXX
___ _X_ _XX

__O OX_ ___
_X_ _X_ ___
OX_ OX_ XO_

O__ __O XO_
O__ XX_ _OX
___ XXX ___

_O_ XO_ OXX
_XO ___ _XX
XO_ __O XOX

XX_ __X _O_
XX_ OO_ OX_
OX_ ___ ___

_X_ X__ _OO
___ OO_ _XO
X_X _OX X_O

XOO ___ _XO
XOX _XX OO_
__O X__ XO_

_XX XXX XOX
O_O __O OXX
X__ X__ XO_

_O_ OX_ X__
___ XX_ ___
__O XXO O__

O__ ___ __O
X__ _X_ __O
XXX XX_ O__

___ _XX XO_
___ _XX OO_
___ O_X _XO

XOO O_X ___
OOX ___ ___
_X_ X_O _OO

_X_ OO_ XOX
__O __X OX_
_XX __X OO_

_OO XOX __O
_OX XXO X__
XO_ O_X OX_

_X_ OO_ X_O
___ XXO _X_
__X _OO O_X

__O _XX _O_
___ OOX O__
___ XXX OXX

OXX OXX XOX
_OX __O X_O
__X _OO O__

__X OOX XOX
O__ _OX _OX
OOO X_O X_X

X__ __X __X
_OO __X _OX
O__ _OX ___

OXX _XO _XX
_O_ __O ___
OXX OXX XXO

_XO X_O __X
X_X _XO _XO
OXX _OX O_O

O__ _X_ OO_
_XX X__ OXO
O_X O__ ___

___ __X ___
OXO _OO __X
XO_ OX_ ___

___ ___ ___
O__ O__ X_X
X__ O__ O_X

_O_ XXX ___
O_X _XX O__
_X_ ___ O__

O__ OOX ___
_X_ OXX X_O
_O_ XOX O_X

X_X OX_ OXO
_X_ XOO OX_
OOX X_O OOX

__O ___ X_X
___ __X ___
XOO _OX _O_

XO_ _XX OXO
_XO X__ ___
_OO _XO OX_

X__ XXO XX_
O__ O__ _OO
_OX OXX ___

X__ X_O OO_
XX_ XOO X_O
_OX O__ XO_

_O_ _O_ _O_
__X __O __O
XO_ XX_ XX_

XO_ _O_ OX_
_X_ __O OXX
_XX O__ _XX

XO_ OXO XOX
_XO OXX OOO
O_X XOO OX_

___ __O __X
__X _O_ XXX
_OO _O_ OXX

XO_ OX_ XO_
_XX OXO O_X
XXO XX_ _O_

OXO XOO _XO
__X _OX XX_
O__ ___ __X

O_X _O_ ___
_O_ O_O _X_
XXX XX_ _O_

XXO XX_ OXO
XOO OX_ XOX
OOX XOO XXO

OO_ XXX _O_
___ _XX XO_
_X_ _O_ O_X

O__ O__ ___
O__ X_O ___
O_X _XX ___

___ ___ O_X
___ _XO XXO
O__ O__ XXX

OXO OXX XXO
_XO OOX XXX
XOO X_O _X_

XO_ XO_ _XX
_O_ _O_ _XX
___ _X_ OOX

__O __O ___
__O X_X __O
___ _X_ ___

OX_ ___ ___
___ _XX _O_
_OO XXX _OO

XXO XOO XOX
X_O OXX O_O
O_O XO_ XOX

X__ OOX OXO
O__ XOX _X_
___ __X _OO

XOO X_X ___
_XO ___ ___
_O_ _XX O__

__O OX_ XX_
__X OX_ OO_
O_O X__ OXX

O_X XOX OXO
OX_ OX_ XO_
X__ OO_ O__

__X XX_ ___
___ XXO _OO
O_O X__ ___

OXX ___ ___
XXX _O_ _XO
__O X_O _O_

XOX XOO XXX
_O_ OXX _OO
OO_ XXX O_X

X__ O_X __X
O_O OXO X_X
OXX XO_ _OO

__O ___ _X_
X_X _OX X_O
_OX X_X OOX

_XX XXO OXO
OXO OXX __O
O_X XOX OXO

O__ __O _X_
X_X O__ XX_
O__ O__ ___

XXX OXX __O
XO_ _O_ O_O
X_O ___ O_X

__O __X X__
__O __O OXO
___ __X _OX

OO_ XXX O__
___ XX_ OO_
__X O_X O__

__O OOX __X
___ OX_ __X
X_O XO_ ___

___ XX_ XXX
___ ___ ___
O__ __O O__

OX_ O__ ___
O_O XXX OX_
__X _O_ XO_

_OX O_X XOX
___ ___ X_O
XOX OOX XOX

OX_ XX_ XX_
__O ___ ___
X_O __X ___

XOO O_X _X_
O__ _XO OOO
_OX _X_ OX_

OO_ _XO X__
_XO _OX __O
XX_ XX_ XO_

X_X O_O O_X
OOX XO_ XX_
XOO ___ __O

O__ _X_ OOX
_X_ O_O _XX
XX_ __O OXX

__X _OO ___
___ OO_ OX_
OXX XXX ___

_XX O__ _O_
XX_ __O OXO
XXO O_X ___

O_X X__ O__
O__ ___ ___
O_X _XX OXX

___ _O_ ___
___ __O O__
O__ _XX XXX

XO_ X__ _O_
XO_ X__ ___
XXX O__ _O_

XOO XXO _O_
XXX O__ _O_
XXO O_X __O

X_O __O X_X
OX_ _X_ OX_
_XO _X_ OO_

XO_ OX_ _X_
OO_ O_X __X
XO_ __X ___

O_X XOX OOX
O_X XOX _OX
O__ XXX O_O

OO_ XO_ __X
O__ XXO _O_
XXX _OO ___

X__ ___ __O
OXO _XX O__
_OO ___ ___

XO_ XX_ XX_
__O ___ _X_
___ ___ ___

_X_ _XX _XX
X_O ___ O_O
_O_ _O_ __X

_XX __O XXO
O_X _OO XXX
OO_ ___ X_O

O__ __X __O
OX_ XX_ ___
O__ XXX _O_

X__ _O_ ___
_XO _OX _OO
__O X__ ___

XX_ OXO XOO
_OX ___ X__
___ O__ XOO

__O XX_ __O
O_X __O ___
X_O __O XOX

__O ___ ___
O_X O__ __O
O__ X_X O__

X_O X_X __O
X_X X__ O_X
O__ X__ OO_

XO_ _OO X_O
X_O XO_ _X_
XX_ XOX _O_

OXO X_X __X
XX_ X__ _O_
X_O X_O __O

X__ OO_ __O
XO_ X_X __O
XOO XX_ ___

XO_ __X O_X
XX_ OXO _OO
OO_ O__ X__

___ _XX ___
X__ __X OO_
OOO _XO _O_

O_X OX_ _OO
XOO _XO XOX
_O_ O_O _X_

_X_ ___ _O_
O_O ___ OXX
XXO __O OO_

OX_ X_O __O
__X O__ _OO
OOO XOX __X

__X XX_ _OO
_O_ O__ XXO
_X_ ___ __O

___ O__ __X
_OO _XO XX_
_X_ _X_ _X_

__O OXO OXX
__X _XO O_O
O__ X_X ___

_O_ _XX _OX
_X_ _OO _OX
O_X XXO __O

X_X OXO _O_
O__ O_O ___
OOX XX_ _OX

O__ __O ___
X__ OO_ _XX
O_X O__ __X

___ OOX __X
__O _OX __X
XO_ ___ __X

__O __O _X_
XOO XXO XX_
___ ___ _O_

_XX O_O O__
_XX _O_ X__
OOX _XO ___

OO_ XOX OOO
O__ OX_ _X_
__X __O X_X

OXX ___ OOX
_OX _XO XXO
O__ __O XXX

___ X__ __O
_XO __X __X
___ OOO OXX

__O _X_ OO_
XXO X__ __X
XO_ X_O X__

_X_ _O_ OX_
___ _XX OOO
___ OXO _X_

___ ___ __O
__O ___ _OO
___ XXX XX_

_O_ _XO XOO
__O O__ ___
X__ ___ XX_

___ O__ _XO
XX_ _OO O__
__X OXO X__

XX_ __X X__
_OX _O_ _XO
OO_ OX_ _O_

___ _XO __X
OX_ OO_ X_X
OOO __X XO_

___ XX_ O__
_O_ XXO ___
_O_ XO_ _X_

__X _OO _O_
___ OXO ___
___ XX_ X__

___ ___ X_X
__O _XO X_O
__O _OX OOX

OXO X_O X__
XXO _O_ XO_
XXX __O ___

_XX _O_ OX_
XX_ _XX O_O
OXX OXO _O_

XX_ O_X _O_
XXO _O_ O_O
X__ _O_ __X

___ X_X XXO
O_O __X _OO
___ OXO XOX

__X O_X _OX
X_X _OX XOX
_XO OXO XXO

XXO OXO XO_
XX_ X_X ___
XOO XOX OXO

X_O XX_ XX_
_X_ OO_ O__
___ O__ OXX

_O_ __X OXO
XX_ ___ _OO
__O _OO _XX

_XX _XX _X_
__O _O_ ___
_O_ ___ _O_

X_O X__ _XO
_OX OXX _XX
XOO XOX XOO

_XX XO_ XO_
__O XO_ _XO
__O OO_ __O

___ __X X__
___ ___ OOX
_X_ __O XOO

OXX _XO XOX
___ OXO _OO
O__ __X _XO

XO_ ___ _O_
O_X OX_ O__
___ X_X O__

_XX X__ OXX
OXO _OX O__
OXO _OO O__

X__ ___ X__
O_O OXX OOX
_X_ __O __O

XO_ _OX XOO
OXO O_X ___
___ _OX _OO

___ __O XXX
___ ___ XXO
XX_ __O OO_

X_X ___ ___
XO_ ___ X__
OOX _XO _OO

___ OXO XOO
_OX O_X XXO
_OX OXO XOX

__O ___ __X
___ __O ___
OXX XXX ___

X__ X_O _O_
__O _XX X__
O_O _XO __X

_XX ___ _O_
___ ___ _O_
XOX OOO ___

XO_ XO_ O_X
OXX XOO X__
OO_ X_X XO_

__O _X_ OXO
__X _O_ XXO
XOX O__ XXX

O__ _OO XX_
O_X ___ XX_
___ ___ _X_

___ ___ ___
X__ XOX OOO
X__ ___ __X

XXX O__ OOX
_XX __O XOX
OXO OX_ O__

_OO _O_ XX_
_X_ _OX __X
O_X XO_ X_O

XXX ___ XO_
OXX XX_ _O_
_OX O_X OO_

OO_ O__ __X
_XO ___ _OX
_OO _XX X__

___ _XX O__
___ ___ _O_
OX_ OO_ OX_

XO_ ___ _X_
__O O_O __O
OOX _XX _XO

__O X__ _O_
O__ ___ _OO
O_X _XX _XX

_O_ XX_ _XO
___ O__ OXX
__O ___ _XX

X__ X_O _X_
__O _O_ ___
_XX OXX OXO

XOO XXX XOO
O__ OO_ _XO
XXO XX_ X_X

_OO X__ O_X
OXO O_O O_X
_X_ X_X O_X

___ ___ OX_
X__ XX_ OOO
O__ _X_ X__

XOX O_O X_X
XOX OXO XXO
O_O XXO O_X

___ X__ _X_
XXO _OO X__
__O _XX __O

___ ___ _X_
XX_ O__ O__
O__ OX_ X_X

X_O _OX __O
_XO XOO O__
__X __X _OX

_O_ _OX OX_
OXX XO_ XOO
_O_ OXX __O

_XO _O_ X__
__O XX_ XXO
_XO _O_ XXX

XXX OXX O_O
_O_ ___ _O_
_X_ _O_ __X

X__ XOO OXO
X_X _X_ O__
_OO __X OXO

_XX __X XO_
XXX XOO __O
_O_ OX_ __O

_XO XX_ OO_
XX_ XX_ XOX
OO_ _O_ _XO

OXO O_O O_X
XO_ _XX _OX
___ O_X O_X

