17565680007969340167
17564942841783440649
17573655886268567098
17560871174223038252
17563831791104512308
17444566889853199331
17483452711825727213
17491209687557372743
17388431525469607406
17394673272704239734
4737680224348070114
4737129461741610640
4752619131934223523
4692603667202452553
4706443822202058418
4650624015873470308
4665042790367699100
4678584537389423093
4623392718214552056
4889033118599088476
15819068251312173373
15720941393961426681
15723648860974490640
15772600494077848067
15779607572347570663
15759235763927643627
15665765954975166228
15643972116145976022
15650444236944976194
15592246244244139323
6921805911325917197
6987173184464053610
6966449494342230568
7009120089042575967
7023293503491586075
7007179021603269756
7045762282762674943
7060799663169311867
7029377701566633010
7038182939412516952
11894165502349536244
11956100674012409349
11838435163863918799
11873691612777945904
11859998892738440395
12072588836780301976
12074313853480298347
12001187794521864450
11628041130290123368
11627711217585330498
11148887628397854544
11161837663073412280
11106250369799299247
11111465888202314022
11124463625343553987
11207369171773166911
11223963927105264012
11223407779054264651
11239556137441168565
11173114223239562488
3185422474444558848
3239116785609969159
3232870590013543087
3218561267806577515
3264621582240129968
3259360207787865298
3243012394353528323
3286597888769625732
3283814028697791620
3318722700091818239
2414919113684449923
2395509022979355498
2383626568114417669
2396580498609884476
2356117487094096728
2351697461399669639
2576206017540233708
2477157725189248678
2474556150638120882
2718388603509207302
11043107647937582502
11079654289378378762
11095880415994498217
10955808679582177820
10960473647765213539
10966269293791417292
10995264172454834703
10995360662997994338
11173114223239562488
11176846975950536618
1599994144326181253
1643803154968048937
1650992300427362875
1651788119601431818
1675937433282216583
1699503535275279893
1462485847130505476
1468333345040602777
1502171945014553960
1503270738592789418
