3185851270706057031
7415571487032508402
4997612777910473436
12296922025091917996
14970598581421172937
16441345868082182809
7318025913298515271
4952534051979659966
11235173116925776405
779565457478183971
17705024876310694106
822296223186451881
11834506837440556307
140354992423477035
4189783278372666281
1435553793761229774
11054681691541817318
1897334389357912831
17670982853504134078
7110635125942737666
9915000544381797733
15578754382114285925
14409642800388233409
3691506505512596069
2755947300824207634
5164196187378813392
7610245992605365187
1003510057595130207
3916305201978440866
10234878004907949238
11459539083787205728
10492213559831079921
3356738034243467456
15315030199797098882
14732660807155491278
8204208904826346380
9208195904517893369
8837133863286609492
6078473442320677923
6335089862855712317
2348011835732207355
3937138082798810017
2979274834999812576
5848788682719637886
13888761263742654677
3260432727558011974
14035929136266399930
5083236219165670293
11979143250101509709
6361271274904235755
1601941273301786055
6219339611548023511
9438333469011135087
9895259995967751345
9476079101519164606
12490736257674987442
10607673163024263244
15780313485679081129
2254039698147106702
9070531372276904538
6974153355543208756
13693806214132395861
10167433041682973719
4070946231280686612
5009653346164552727
10071126604603180822
14416080998108258431
5124578168915784957
4274934204862886115
429351863855877276
2806826729393587410
14649466141301625925
8728121344820475212
11647548082910105246
4541824660919733156
13186334758995311399
2469491538383829066
8724511965272326117
14185891263195509872
13855261854451542059
4531733994611467877
13854930367723917276
6419926797253569021
11982007755802480872
16441552622958244493
6980135627771417171
10160498399288218353
10982281835162352031
16188261445024131595
16031051264135791260
16086504659619186550
1552654338547843268
14996236361904293410
6815479892189820456
9577466006294783066
13022217903123559582
12647508701536747961
1496190183669687656
17721502449607277085
17058858058091548020
539427451156856153
4130561933959927065
5209076981158977587
12690435342097407108
14961396933641519612
13910846485510916490
17024928967321542866
5556607651158232117
17260792450382253786
15106745680528411867
1280213984545800726
11004285148617047281
3169733366622834913
16225429233812872440
12229026916270112429
6620655872793416165
14564779875333617079
17163101676497380439
7157815763375454526
17505311330505406667
8406327351742329080
11730313497811211015
6737105840556256259
16174781396108190206
4831583721399112092
7107843388715479589
10272106246241506521
9608179537724716616
1178900911031324728
15857608526422102894
339097429152797191
3576224836042707195
3113796259047448613
4295427237380262925
596089566408008117
13807568160094543410
14835509610383062493
10256091248648815861
11254639124653896357
3929647204064843060
3926412036719129252
3182105785625335191
10099133778513759032
6860200432637856486
5082867841965001117
4652278101626289592
5803791430839929037
15529862554752426185
1561512048156506475
9133129543781209059
8161274866087416145
14701505101354423228
17366500974198214140
13074194789992025233
15630017706362469397
17461467968636831495
207354570784596935
10741346950880561764
4116526739976803671
17666122502628054018
9167797693856916465
7781359745329934726
12376407067541008486
18257678219804939360
17660308629001674017
1536043924698630981
17705966431697213014
1361099341028132451
7084116654273456702
4948645139596374725
5994519229742214586
16628565092163932858
10366755312642107720
14735576692326697441
10194086228921318257
17741876972876686431
7338029320730470538
776482911540403002
11954944199266419489
17157463852640268887
3606465337296610206
7299550990840235004
16040409462256407292
17927965520204851951
12022275296056630291
6712145151477251977
11529576753385847687
8539393998139621770
11975175133778085688
5132912067974768146
9572378402276630450
6727474335703271104
8505302448784138352
1831187750148788258
4531500008988355482
16684471399836459311
18368952243445517226
7076772613237763197
3338056388893889083
2343587390393676156
4125903697774029219
15328298472627647448
11537416392338611256
17195474074067515679
8072742205253834901
17062408785355858087
16024410247593240122
708950348152249547
12801016233358816940
815531018485001174
7670414321601730273
6117886269709602459
798068478783927966
1683528109180540711
5253442516097636381
6216314529699545071
13434793227605021656
5348618017118655152
11856350712091597805
14761028389182847383
10104868753671643678
9760804459937073922
17258191570878743737
8065101460872425200
12612568472024120754
4184297575289599916
11076697451606251122
6644343626315176514
7304205590696626665
17293444526307065969
7154606834895520828
1595418849827100916
3442112056514961322
1927310163962475008
4797908542968460689
13399456542479706051
1754233035918652639
16606894202751810332
17719858070228272268
10448404494301167802
5479171260663859362
2351832939939594881
14260858675195603660
7786895995142885318
17577211424955441785
3360737449087900394
3079619041411374319
10006779054480868240
16020549972730358013
2438974166916746067
6874719171010572750
9848838540040302852
16331107988793984501
3806945813929755236
9414928321868093085
14269328069030710303
3011959901707727428
4557134948191201743
6011445195643739378
12406750589805709599
18239830244917292917
6071568698603118153
16781180778983105762
1119412740435278811
4770727762853389753
14851230835427679151
11821218212902810588
121425333232882816
1351454801108981153
7345185949941051124
12838005028932931125
5190008721146375974
10598808143216091068
6810784812336966486
12719978365111769129
18034091572002711588
16998954038519838748
13123634604125259700
15236917334337815095
15154384955206403640
2251741291209477615
13253468604000596464
2363464257897510416
12249163475574194122
2068362353348705500
15414043634719858152
3750732386284812252
15885763409080839248
2862597279242325074
14149667137180902614
17103085204333192454
7858278542594039134
4768722734959340036
905300140206686414
9218143837948781944
15365095168912639955
16960132171923811964
4682989356122119116
11148221140802859513
1690460849468491934
1810907116454416525
882823406117199516
14282293981247417964
11640034001441596712
53674902675083033
479222353586967930
2733960160034116641
15377259845323217918
2151896080613551449
14499736282619090336
8728724227331175175
6390422325734251622
4895366462549776450
14246414386780982273
8775284637034979115
17746680001200497200
7545805741734050284
33934438045165431
11137363242810082151
3583962996130059318
7950106887748184182
473149520849194062
18030976182215532696
10480688927829783181
9638617686570734363
9873266302897033269
18358139061713893592
4918939024147794577
12242360683290773588
4067019359488628076
6425040583109328547
9966062402290274808
5178203002333930047
2069654265049759150
7852232868819669323
16084439531632418244
3825581000454799446
4969999246225878487
15384980275886563374
12723701619377427625
5306719157426108873
2305952752252240937
13538947697555905056
10781041975610213984
10228820918078383456
5171719739342182622
5960348660496334145
356100884381226026
4455434870045789050
8192809136509328671
12434448849145681977
12741304941931253874
12339667116265743480
12695232894142737304
18030675161671298842
3526344446887232359
11673106930891807658
14118483079037740602
12315454150522892730
2823131202453580977
3404311708522091969
7735824291755437304
7779563672991188655
3043926097761187871
10220485862317336086
16016801981653280865
15400335811910752064
3563251738196331186
2923340478088319116
5890823866028629312
6110594333381621346
4258319360637201002
13001200455524365224
10795674858776613598
12932011993701120213
15479835483290625414
15815489911248805729
8566084714427944895
10467408316123579537
17311210574253401085
6112663884892480922
16673777321305339508
12462642764420858667
4194212201266503312
5412778307911150735
7696441261627480956
12416675110129788849
4120969877597162111
14940419822913419414
5194387256833435109
16962231826377600675
10613917830047285048
11677409423685451137
2241859603295756241
12826763314544975410
1901865177615767067
9661898487535319693
1761218239511040337
5795316765280061478
18130627274986309309
13463083788432816078
14785264687670214985
16093612922749786561
13166856728057297957
5662954552867578312
9913410616938512622
5611517457805118452
4164309115250130051
11935814730169123332
18442449516658459962
1853431534966136664
14539088122215421855
11842524032353765195
2745908912821790551
256124872092495927
4559825970599356231
3892839953789939345
4371719611239710294
15264607017760627393
16579745434687448000
14970670202935089765
13621975053995533704
16987861424347479477
15186683933080474761
18214679719644744774
5680379632704891164
13740786158464992292
11482837412843157422
3532287294899862252
4061245908495883047
6747432852181098644
15218107530391496539
7445073092638979650
5382331098241209928
10772357749180497913
1564712363720927500
2230352114524151056
16218432497221061819
6518489429101582725
13898072600000024656
16735229191142032312
4721675043046917697
10106799102703596694
4185649430891100488
15146980654538216923
12467400268912104986
1802418730187229225
5805090454700328678
13626344755273520876
15444197079402310697
2292682932826512376
10661228494105254783
16892838556861573614
75700007648679253
13887781935493896386
8873475280171549902
2099545381031862957
15435216966932439417
7773014765709983592
1927683056527379108
8516200774127890151
14942564591301870538
7439820835166033413
8917694457932257796
2683925985457604490
10127245488002015394
317995706244525671
17537889522306396004
11282626946850474851
8867607669182123435
15784472102772468431
4379669074447985651
14426060466775504053
10898301096219051823
7091084198655166517
18415675486969803270
2729159125490417055
7592026570405010783
6707865545137142796
12532402843632067062
4860981865094043462
1313378969982331979
9159143858782141074
9202677477041896544
2942253713460139809
7905295817025566736
6258311880918911354
9430108187335350486
3708389314557222552
8659830920913178986
6885430208847416768
12320087298106712020
16288849232894152851
3110397378823187165
4597236684525722240
2266669528234763854
14076842479255740635
11622876506686739623
1645577392980201718
5542532801292211801
13664637681913260912
11115719226028189331
3696617425520115179
15889654400901514314
162931522711936396
9998824705532893946
12440595000136395025
12207634661186552817
8758140412884398910
14919087122703515925
10624210049356707026
2095990909374646714
6142098370642961786
4337124893278121407
15640109380317619266
17660308629001674017
17146130819932560064
10800241428984220123
17934576854133726231
714859009864899856
3930616622167854819
4400908099917914571
1061261330201885326
15587262605790802178
4757667945566282305
990374089467976494
8054587711631147337
9670179003225317234
17754931474235552183
7843566036696372550
4574383510252410675
4197439676889382670
11782492701906481727
9796375344364574870
14967989581675402095
1111212286737689198
8807405465076637114
4036060243476802917
11316942387762312678
14881060375173110243
5068140754311798240
8419055272240763787
12229168184510556308
15910763692041892760
15031744477930799437
14038167036087618608
11487365281382518518
17332736559096590967
3389224810069889121
6948734559967647121
1425957771822436920
8998183463987982638
8622022290252420012
11037750562436893325
12722328290502944329
10811309362872033184
16052558838002964388
5977358083762572137
5178680287814275265
12244269745668515311
11444721037848505602
738596272322281452
17045678687783206525
15854317181142829659
5073442544281027931
16937015185349843007
583207135501578219
1020037899155666709
18077093651075942608
1743191614519384084
8970256884159455730
2753378148754085658
11646438789342931449
7844261720039640905
1063302721745957691
12185938589013598057
8793511106336002596
8883966730593592980
5434976453835865644
13674653885341861683
14481263952432338600
1461346771202214175
10940890915688045237
15374237866741570369
5696219364454506010
4635412321262305022
16737149812890381372
6031053404238304932
2730353965747935012
17258400783444342205
13863110136029341543
14896014712368836603
2638931752149634766
12813663808868128888
15902304429120498829
7979274080195887667
12669468488943436375
4853618060202239383
14264156803301807220
16016161333174222604
15064724222346773642
10973473033290933613
16888285865936725810
7066051112794787615
17406474268993931442
2405560524219504908
8989311358475721933
13760265145210187935
774633896075338664
273769848609906076
10809322794873207711
8272650382973175606
13004969809800704753
5202637435217729483
9199738100917829355
4917727546305007904
7789560605709040594
11040109952915002951
11457035890933767364
15216133439210129492
7709416283432913289
4797838670518367041
4815416397940184724
4004819056528951311
1789543154914029166
6541330507952693472
5971669725865647613
8130932343046036147
6162010258620032174
17901811130284725695
61091347105463507
10079447514448463422
6551112592529765925
14676940703417174313
17802285169887111831
8171249446137874950
13123361359210866370
17386741026809650845
14738443031812647093
4997938903134072948
8683227194953906566
11419082822030415789
276309684294517868
12816423585258435507
10794250838511329985
16311103868003244232
12286261783691924944
16697872946732800987
8125676098515981984
1979078765119300796
11308991932282077012
18145189695183745334
3721029985295190652
5068952708409378955
13817178179797449049
18427663619193802702
531177338633248064
17712323291768211486
735034860668046638
14483535208369803573
15779262171968568177
7044550192190030134
15308432085976646804
6806726423678703086
14726116669723571134
3852998474184243956
15019065937934849453
14642769625372937907
11757484482846422637
17522580164666405895
1694664677309508362
13995757756804292515
16639218472771183362
13287114270045980119
11058345788840237800
10274030232326226937
17104409658155327011
4790076112117443595
4662345506895842009
16789755587028294313
8323288628591653744
2734044493343291467
4810376965675878772
1449956485721266624
3077807502261849492
14303224174571446887
4313655406952101240
6354554102424016696
13562493108361516271
15190530422473665068
11656552341125795464
14510265867969882463
881898574656068052
14298322079870592085
6540569610759240275
6374743880967352218
347978836607105188
6521919763905993884
809785160973900151
16657093923154508930
17884433635364897519
6806200131278781111
13752314309913320370
3186622065622256871
7809143851742701708
17975767196057243941
9190521673684388756
11554668191106964450
8398092841513636343
3683183518130132106
17691381079534965352
13413246327033645352
12112711639716171896
10488318735574596453
17271559160925462882
8095464830548250354
16396690426105138892
5781096053483513020
17052195919983665791
16833947306469705435
8087243188606854042
15468973123800213607
8344910084397826323
4462196339190462160
13514280679608226829
17985234131108375661
6635961535092284158
17171978225240761554
7881841742963326582
242461058194378520
10475793573885605960
9874633018126091039
126327091876931872
2152171395085276218
6093379145045322220
2455518977532596686
3355700355314577090
12388659255643224309
17553419697380080449
6812709287363599759
7008434929414042364
13644228129620989953
14346176767660001031
17006500576835998737
14742790929014437922
8192424506318051645
1849060538722497493
4878628891046374810
7455106114306366147
4934395963309196992
13462834096953562326
6124678248944471098
8528574621746001838
2264125399794471958
15946999171697151774
9320413513525835990
14980388136855099348
11171364476424802849
7988009862063749932
12345788769827868259
1510752189243608233
1837742502812868888
6843033208952470906
9607305648904776625
5445188919531093876
3258416505654380979
2152417386321463958
5156352863391591878
16085884994022233100
16140501890457811838
5837022869905889864
2344607403960705473
17435068486961769660
17063255745251197992
9734425155894609045
6056108204460360239
10042772170069691090
16097535500974016072
2057076013501694706
11361222589035514493
663386696271650546
5117309746789613521
4398624632280564212
2630567907108399317
4883507167737844960
9993625143286227971
14968477610013895619
1512110199286149071
15424060249937800457
12678683283333350193
16703353346323901382
99256048576887103
13659406124786882373
3957367954026519224
12108008964449121084
1642366148322171854
7172895066644210153
5673186865851137209
13901894893183305457
3759268361395993596
18309955881675610784
864546766137062018
3193766796539599514
10584548431394419914
13268443167866784674
10260717464932332117
6047486214170935109
7773606821986092319
3839354424353975968
13679569828239814893
15006087958581554195
9459592398533069197
2605747292266398892
5790382340943123990
16545114651526396508
649535654542659017
11464114723812228198
2940733421140245381
4197439676889382670
10014365627033281001
12794799306433737063
5096658804741111888
1196879034523990578
4802304455422708225
6726133246628886378
17424633861601666587
13738712254786942245
12622533079319393842
13559459129998641197
6806860737645838652
11073323969177597679
2125565611305319400
2889889714697691842
8558471571035051303
14589706070588588050
9706741150543677352
15577847535816846413
15750744326594413989
11676337094436099523
3393058496776579814
11426635899963243736
15551733600576479301
10436069062689684263
164608612007165254
12239387098148492998
12299722690357286607
11068872634637116463
14871092177378825562
1515829673929345508
4598786745217759000
1930950843207293864
15196782774535319039
3827084389757047472
4605898239468095579
11980258415345198991
17634421452329448261
7152045981912423445
2867798984855111195
8119783422475637969
10887677258547260429
2885944411193668375
2495605213677361259
10163486773641752915
10354716388399479448
542170319078701584
1564692116164025651
15808732761770487277
1767530974349765221
2668796035363995980
679346655150567386
1021091417795353861
12577473223872998198
8864061455335729810
757259616117545259
14193048458655986286
2922410675176138576
425055586544799925
7340989590173664609
2185699249977888551
10490237177667873535
17147915382602430612
4491327687664586150
1627742720294948069
17732872174253455717
14796621253508426052
16283231489237726396
5514435385244663065
4614929061813813405
8530557822696310649
4147991578431981248
9427980168562850739
16401213954136254319
9075813461875996641
11611591902709905212
11565209099879390449
6978136782945583180
3906706913570840974
12869579156461967858
11499356034072019213
14595904855827296209
7621978126549953762
8371736553089704687
11253034876424295818
16410486898943226091
1683127069048733648
1060590420748286796
17003301262883096300
17795571671167032112
13172596448503162533
8247684126643221763
5255585308311844743
5104665194371101904
15882541823051694210
14767167464444248456
4085171902361681662
2366282492532542033
14327662351747557304
16260184897439825550
17670352495536492788
5353050832959587449
3772826570839344557
1080984218550608935
1150484336943400916
366472309401320071
5616715251316682689
12222271188642190376
2722738535319314577
3733795789870627959
7870683637765835758
17435240849033685593
5070107522230283010
16566943746652351488
1594214106701849943
3464828483997824437
2711383804509598726
13637532747659310711
2133900688195317344
7503231227202854989
17110146016854952515
12835458889450043029
7148419894482709342
4947475052016008741
4106845317852713084
406078293940619846
844924325985185746
15128352638169378206
13998492270699131179
3886922257194242868
11649289255087005974
5141595505210729380
18372744037008463182
636475314676180186
15798876245559713956
4511205723532100156
15923719919587659536
7693239940548948574
7041883785963227459
219301761847236650
7573430728971642091
18082565375106665942
8464256394587692239
3501445061945798057
2392477873668270756
17610704664288310564
1250101175245839931
15177731780652929416
14783729606471989709
10838453207153705231
12726897258865925864
5367960783185192545
267843832411595354
979052925588677368
898653859134490788
15983857496656131868
3411940955425734382
451347258457004472
8245390680396115776
3545124507618164425
7974405818636726691
15060370741109787150
14039914584023046591
1274670128658336953
6727735776020118435
9988410946554858067
15149334671242867719
13763006928695672499
13880742586494940897
2709336412579616282
13100931820305871528
5863347729933731128
12827431420056422903
3567980422991681684
4881024169600733787
5685919571831966482
8141221319366791024
8014404403659892235
4868869279660910907
5537499437908233537
2062966095559079443
5908430281116926391
